TN:
SF:/home/pancho111203/Studies/EclipseSource/JsonFormsEditor/test/ts/components/core/config/staticConfig.first.js
FN:2,(anonymous_1)
FN:4,(anonymous_2)
FN:5,(anonymous_3)
FN:6,StaticConfig
FNF:4
FNH:3
FNDA:1,(anonymous_1)
FNDA:1,(anonymous_2)
FNDA:1,(anonymous_3)
FNDA:0,StaticConfig
DA:1,1
DA:2,1
DA:3,1
DA:4,1
DA:5,1
DA:6,1
DA:9,1
DA:16,1
DA:18,1
LF:9
LH:9
BRDA:19,1,0,1
BRDA:19,1,1,1
BRDA:20,2,0,1
BRDA:20,2,1,1
BRF:4
BRH:4
end_of_record
TN:
SF:/home/pancho111203/Studies/EclipseSource/JsonFormsEditor/test/ts/app.module.js
FN:4,(anonymous_1)
FNF:1
FNH:1
FNDA:1,(anonymous_1)
DA:3,1
DA:4,1
DA:6,1
LF:3
LH:3
BRDA:19,1,0,1
BRDA:19,1,1,0
BRF:2
BRH:1
end_of_record
TN:
SF:/home/pancho111203/Studies/EclipseSource/JsonFormsEditor/test/ts/components/core/core.module.js
FN:2,(anonymous_1)
FN:4,(anonymous_2)
FNF:2
FNH:2
FNDA:1,(anonymous_1)
FNDA:1,(anonymous_2)
DA:1,1
DA:2,1
DA:3,1
DA:4,1
DA:6,1
LF:5
LH:5
BRDA:7,1,0,1
BRDA:7,1,1,0
BRDA:8,2,0,1
BRDA:8,2,1,0
BRF:4
BRH:2
end_of_record
TN:
SF:/home/pancho111203/Studies/EclipseSource/JsonFormsEditor/test/ts/components/detail/detail.module.js
FN:2,(anonymous_1)
FN:4,(anonymous_2)
FNF:2
FNH:2
FNDA:1,(anonymous_1)
FNDA:1,(anonymous_2)
DA:1,1
DA:2,1
DA:3,1
DA:4,1
DA:6,1
LF:5
LH:5
BRDA:9,1,0,1
BRDA:9,1,1,1
BRDA:10,2,0,1
BRDA:10,2,1,0
BRF:4
BRH:3
end_of_record
TN:
SF:/home/pancho111203/Studies/EclipseSource/JsonFormsEditor/test/ts/components/dialogs/dataschemaImport/emptyHook/emptyHook.module.js
FN:5,(anonymous_1)
FN:7,(anonymous_2)
FNF:2
FNH:2
FNDA:1,(anonymous_1)
FNDA:1,(anonymous_2)
DA:4,1
DA:5,1
DA:6,1
DA:7,1
DA:8,1
LF:5
LH:5
BRDA:9,1,0,1
BRDA:9,1,1,1
BRDA:10,2,0,1
BRDA:10,2,1,0
BRF:4
BRH:3
end_of_record
TN:
SF:/home/pancho111203/Studies/EclipseSource/JsonFormsEditor/test/ts/components/dialogs/dataschemaImport/fromUrlHook/fromURLHook.module.js
FN:5,(anonymous_1)
FN:7,(anonymous_2)
FNF:2
FNH:2
FNDA:1,(anonymous_1)
FNDA:1,(anonymous_2)
DA:4,1
DA:5,1
DA:6,1
DA:7,1
DA:8,1
LF:5
LH:5
BRDA:9,1,0,1
BRDA:9,1,1,0
BRDA:10,2,0,1
BRDA:10,2,1,0
BRF:4
BRH:2
end_of_record
TN:
SF:/home/pancho111203/Studies/EclipseSource/JsonFormsEditor/test/ts/components/dialogs/dataschemaImport/githubHook/githubHook.module.js
FN:5,(anonymous_1)
FN:7,(anonymous_2)
FNF:2
FNH:2
FNDA:1,(anonymous_1)
FNDA:1,(anonymous_2)
DA:4,1
DA:5,1
DA:6,1
DA:7,1
DA:8,1
LF:5
LH:5
BRDA:9,1,0,1
BRDA:9,1,1,0
BRDA:10,2,0,1
BRDA:10,2,1,0
BRF:4
BRH:2
end_of_record
TN:
SF:/home/pancho111203/Studies/EclipseSource/JsonFormsEditor/test/ts/components/dialogs/dataschemaImport/sociocortexHook/sociocortexHook.module.js
FN:5,(anonymous_1)
FN:7,(anonymous_2)
FNF:2
FNH:2
FNDA:1,(anonymous_1)
FNDA:1,(anonymous_2)
DA:4,1
DA:5,1
DA:6,1
DA:7,1
DA:8,1
LF:5
LH:5
BRDA:9,1,0,1
BRDA:9,1,1,0
BRDA:10,2,0,1
BRDA:10,2,1,0
BRF:4
BRH:2
end_of_record
TN:
SF:/home/pancho111203/Studies/EclipseSource/JsonFormsEditor/test/ts/components/dialogs/dataschemaImport/uploadHook/uploadHook.module.js
FN:5,(anonymous_1)
FN:7,(anonymous_2)
FNF:2
FNH:2
FNDA:1,(anonymous_1)
FNDA:1,(anonymous_2)
DA:4,1
DA:5,1
DA:6,1
DA:7,1
DA:8,1
LF:5
LH:5
BRDA:9,1,0,1
BRDA:9,1,1,0
BRDA:10,2,0,1
BRDA:10,2,1,0
BRF:4
BRH:2
end_of_record
TN:
SF:/home/pancho111203/Studies/EclipseSource/JsonFormsEditor/test/ts/components/dialogs/dialogs.module.js
FN:2,(anonymous_1)
FN:4,(anonymous_2)
FNF:2
FNH:2
FNDA:1,(anonymous_1)
FNDA:1,(anonymous_2)
DA:1,1
DA:2,1
DA:3,1
DA:4,1
DA:5,1
DA:6,1
DA:7,1
DA:8,1
DA:9,1
LF:9
LH:9
BRDA:10,1,0,1
BRDA:10,1,1,0
BRDA:11,2,0,1
BRDA:11,2,1,0
BRF:4
BRH:2
end_of_record
TN:
SF:/home/pancho111203/Studies/EclipseSource/JsonFormsEditor/test/ts/components/header/header.module.js
FN:2,(anonymous_1)
FN:4,(anonymous_2)
FNF:2
FNH:2
FNDA:1,(anonymous_1)
FNDA:1,(anonymous_2)
DA:1,1
DA:2,1
DA:3,1
DA:4,1
DA:6,1
LF:5
LH:5
BRDA:7,1,0,1
BRDA:7,1,1,1
BRDA:8,2,0,1
BRDA:8,2,1,0
BRF:4
BRH:3
end_of_record
TN:
SF:/home/pancho111203/Studies/EclipseSource/JsonFormsEditor/test/ts/components/layouts/layouts.module.js
FN:2,(anonymous_1)
FN:4,(anonymous_2)
FNF:2
FNH:2
FNDA:1,(anonymous_1)
FNDA:1,(anonymous_2)
DA:1,1
DA:2,1
DA:3,1
DA:4,1
DA:5,1
LF:5
LH:5
BRDA:6,1,0,1
BRDA:6,1,1,1
BRDA:7,2,0,1
BRDA:7,2,1,0
BRF:4
BRH:3
end_of_record
TN:
SF:/home/pancho111203/Studies/EclipseSource/JsonFormsEditor/test/ts/components/preview/preview.module.js
FN:2,(anonymous_1)
FN:4,(anonymous_2)
FNF:2
FNH:2
FNDA:1,(anonymous_1)
FNDA:1,(anonymous_2)
DA:1,1
DA:2,1
DA:3,1
DA:4,1
DA:5,1
LF:5
LH:5
BRDA:6,1,0,1
BRDA:6,1,1,1
BRDA:7,2,0,1
BRDA:7,2,1,0
BRF:4
BRH:3
end_of_record
TN:
SF:/home/pancho111203/Studies/EclipseSource/JsonFormsEditor/test/ts/components/toolbox/toolbox.module.js
FN:2,(anonymous_1)
FN:4,(anonymous_2)
FNF:2
FNH:2
FNDA:1,(anonymous_1)
FNDA:1,(anonymous_2)
DA:1,1
DA:2,1
DA:3,1
DA:4,1
DA:6,1
LF:5
LH:5
BRDA:7,1,0,1
BRDA:7,1,1,1
BRDA:8,2,0,1
BRDA:8,2,1,0
BRF:4
BRH:3
end_of_record
TN:
SF:/home/pancho111203/Studies/EclipseSource/JsonFormsEditor/test/ts/components/tree/tree.module.js
FN:3,(anonymous_1)
FN:5,(anonymous_2)
FNF:2
FNH:2
FNDA:1,(anonymous_1)
FNDA:1,(anonymous_2)
DA:2,1
DA:3,1
DA:4,1
DA:5,1
DA:7,1
LF:5
LH:5
BRDA:10,1,0,1
BRDA:10,1,1,1
BRDA:11,2,0,1
BRDA:11,2,1,0
BRF:4
BRH:3
end_of_record
TN:
SF:/home/pancho111203/Studies/EclipseSource/JsonFormsEditor/test/ts/shared/directives/hideIfDirective.js
FN:2,(anonymous_1)
FN:4,(anonymous_2)
FN:5,HideIfDirective
FN:7,(anonymous_4)
FN:8,(anonymous_5)
FN:12,(anonymous_6)
FN:13,(anonymous_7)
FNF:7
FNH:3
FNDA:1,(anonymous_1)
FNDA:1,(anonymous_2)
FNDA:0,HideIfDirective
FNDA:0,(anonymous_4)
FNDA:0,(anonymous_5)
FNDA:1,(anonymous_6)
FNDA:0,(anonymous_7)
DA:1,1
DA:2,1
DA:4,1
DA:5,1
DA:7,1
DA:8,0
DA:9,0
DA:12,1
DA:13,1
DA:14,0
DA:17,1
DA:19,1
LF:12
LH:9
BRDA:9,1,0,0
BRDA:9,1,1,0
BRDA:20,2,0,1
BRDA:20,2,1,0
BRF:4
BRH:1
end_of_record
TN:
SF:/home/pancho111203/Studies/EclipseSource/JsonFormsEditor/test/ts/shared/directives/onEnterDirective.js
FN:5,(anonymous_1)
FN:6,(anonymous_2)
FN:7,(anonymous_3)
FN:9,(anonymous_4)
FNF:4
FNH:0
FNDA:0,(anonymous_1)
FNDA:0,(anonymous_2)
FNDA:0,(anonymous_3)
FNDA:0,(anonymous_4)
DA:5,1
DA:6,0
DA:7,0
DA:8,0
DA:9,0
DA:10,0
DA:12,0
LF:7
LH:1
BRDA:8,1,0,0
BRDA:8,1,1,0
BRF:2
BRH:0
end_of_record
TN:
SF:/home/pancho111203/Studies/EclipseSource/JsonFormsEditor/test/ts/shared/memento.js
FN:1,(anonymous_1)
FN:2,Memento
FNF:2
FNH:1
FNDA:1,(anonymous_1)
FNDA:0,Memento
DA:1,1
DA:2,1
DA:4,1
LF:3
LH:3
BRF:0
BRH:0
end_of_record
TN:
SF:/home/pancho111203/Studies/EclipseSource/JsonFormsEditor/test/ts/shared/observer.js
FN:2,(anonymous_1)
FN:3,Observable
FN:6,(anonymous_3)
FN:9,(anonymous_4)
FN:12,(anonymous_5)
FN:13,(anonymous_6)
FNF:6
FNH:3
FNDA:1,(anonymous_1)
FNDA:7,Observable
FNDA:0,(anonymous_3)
FNDA:0,(anonymous_4)
FNDA:3,(anonymous_5)
FNDA:0,(anonymous_6)
DA:2,1
DA:3,1
DA:4,7
DA:6,1
DA:7,0
DA:9,1
DA:10,0
DA:12,1
DA:13,3
DA:14,0
DA:17,1
LF:11
LH:8
BRF:0
BRH:0
end_of_record
TN:
SF:/home/pancho111203/Studies/EclipseSource/JsonFormsEditor/test/ts/shared/previewUpdateEvent.js
FN:2,(anonymous_1)
FN:4,(anonymous_2)
FN:5,(anonymous_3)
FN:6,PreviewUpdateEvent
FN:10,(anonymous_5)
FN:13,(anonymous_6)
FN:16,(anonymous_7)
FN:19,(anonymous_8)
FNF:8
FNH:4
FNDA:1,(anonymous_1)
FNDA:1,(anonymous_2)
FNDA:1,(anonymous_3)
FNDA:3,PreviewUpdateEvent
FNDA:0,(anonymous_5)
FNDA:0,(anonymous_6)
FNDA:0,(anonymous_7)
FNDA:0,(anonymous_8)
DA:1,1
DA:2,1
DA:3,1
DA:4,1
DA:5,1
DA:6,1
DA:7,3
DA:8,3
DA:10,1
DA:11,0
DA:13,1
DA:14,0
DA:16,1
DA:17,0
DA:19,1
DA:20,0
DA:22,1
DA:24,1
LF:18
LH:14
BRDA:11,1,0,0
BRDA:11,1,1,0
BRDA:14,2,0,0
BRDA:14,2,1,0
BRDA:25,3,0,1
BRDA:25,3,1,0
BRDA:26,4,0,1
BRDA:26,4,1,0
BRF:8
BRH:2
end_of_record
TN:
SF:/home/pancho111203/Studies/EclipseSource/JsonFormsEditor/test/ts/components/core/elementsConfig/ElementConfig.js
FN:2,(anonymous_1)
FN:4,(anonymous_2)
FN:6,(anonymous_3)
FN:7,(anonymous_4)
FN:8,ElementConfig
FN:13,(anonymous_6)
FN:16,(anonymous_7)
FN:19,(anonymous_8)
FNF:8
FNH:6
FNDA:1,(anonymous_1)
FNDA:1,(anonymous_2)
FNDA:1,(anonymous_3)
FNDA:1,(anonymous_4)
FNDA:13,ElementConfig
FNDA:45,(anonymous_6)
FNDA:0,(anonymous_7)
FNDA:0,(anonymous_8)
DA:1,1
DA:2,1
DA:3,1
DA:4,1
DA:5,1
DA:6,1
DA:7,1
DA:8,1
DA:9,13
DA:10,13
DA:11,13
DA:13,1
DA:14,45
DA:16,1
DA:17,0
DA:19,1
DA:20,0
DA:22,1
DA:24,1
LF:19
LH:17
BRDA:25,1,0,1
BRDA:25,1,1,1
BRDA:26,2,0,1
BRDA:26,2,1,0
BRDA:27,3,0,1
BRDA:27,3,1,0
BRF:6
BRH:4
end_of_record
TN:
SF:/home/pancho111203/Studies/EclipseSource/JsonFormsEditor/test/ts/components/core/elementsConfig/elementsConfig.service.js
FN:2,(anonymous_1)
FN:4,(anonymous_2)
FN:6,(anonymous_3)
FN:7,(anonymous_4)
FN:8,ElementsConfigService
FN:11,(anonymous_6)
FN:13,(anonymous_7)
FN:20,(anonymous_8)
FNF:8
FNH:8
FNDA:1,(anonymous_1)
FNDA:1,(anonymous_2)
FNDA:1,(anonymous_3)
FNDA:1,(anonymous_4)
FNDA:5,ElementsConfigService
FNDA:1,(anonymous_6)
FNDA:5,(anonymous_7)
FNDA:3,(anonymous_8)
DA:1,1
DA:2,1
DA:3,1
DA:4,1
DA:5,1
DA:6,1
DA:7,1
DA:8,1
DA:9,5
DA:10,5
DA:11,5
DA:12,1
DA:13,1
DA:14,5
DA:16,1
DA:18,5
DA:20,1
DA:21,3
DA:23,1
DA:24,1
DA:26,1
DA:27,1
LF:22
LH:22
BRDA:28,1,0,1
BRDA:28,1,1,0
BRDA:29,2,0,1
BRDA:29,2,1,0
BRDA:30,3,0,1
BRDA:30,3,1,0
BRF:6
BRH:3
end_of_record
TN:
SF:/home/pancho111203/Studies/EclipseSource/JsonFormsEditor/test/ts/components/core/model/toolboxElement.js
FN:5,(anonymous_1)
FN:7,(anonymous_2)
FN:9,(anonymous_3)
FN:10,(anonymous_4)
FN:11,ToolboxElement
FN:16,(anonymous_6)
FN:19,(anonymous_7)
FN:22,(anonymous_8)
FN:25,(anonymous_9)
FN:28,(anonymous_10)
FN:31,(anonymous_11)
FNF:11
FNH:9
FNDA:1,(anonymous_1)
FNDA:1,(anonymous_2)
FNDA:1,(anonymous_3)
FNDA:1,(anonymous_4)
FNDA:23,ToolboxElement
FNDA:15,(anonymous_6)
FNDA:3,(anonymous_7)
FNDA:10,(anonymous_8)
FNDA:1,(anonymous_9)
FNDA:0,(anonymous_10)
FNDA:0,(anonymous_11)
DA:4,1
DA:5,1
DA:6,1
DA:7,1
DA:8,1
DA:9,1
DA:10,1
DA:11,1
DA:12,23
DA:13,23
DA:14,23
DA:16,1
DA:17,15
DA:19,1
DA:20,3
DA:22,1
DA:23,10
DA:25,1
DA:26,1
DA:28,1
DA:29,0
DA:31,1
DA:32,0
DA:34,1
DA:36,1
LF:25
LH:23
BRDA:37,1,0,1
BRDA:37,1,1,1
BRDA:38,2,0,1
BRDA:38,2,1,0
BRDA:39,3,0,1
BRDA:39,3,1,0
BRF:6
BRH:4
end_of_record
TN:
SF:/home/pancho111203/Studies/EclipseSource/JsonFormsEditor/test/ts/components/core/model/toolboxElementControl.js
FN:1,(anonymous_1)
FN:3,__
FN:7,(anonymous_3)
FN:9,(anonymous_4)
FN:11,(anonymous_5)
FN:13,(anonymous_6)
FN:15,ControlToolboxElement
FN:31,(anonymous_8)
FN:34,(anonymous_9)
FN:43,(anonymous_10)
FN:46,(anonymous_11)
FNF:11
FNH:9
FNDA:19,(anonymous_1)
FNDA:19,__
FNDA:1,(anonymous_3)
FNDA:1,(anonymous_4)
FNDA:1,(anonymous_5)
FNDA:1,(anonymous_6)
FNDA:8,ControlToolboxElement
FNDA:0,(anonymous_8)
FNDA:1,(anonymous_9)
FNDA:12,(anonymous_10)
FNDA:0,(anonymous_11)
DA:1,1
DA:2,19
DA:3,19
DA:4,19
DA:6,1
DA:7,1
DA:8,1
DA:9,1
DA:10,1
DA:11,1
DA:12,1
DA:13,1
DA:14,1
DA:15,1
DA:16,8
DA:17,8
DA:18,8
DA:19,8
DA:20,8
DA:21,2
DA:22,2
DA:25,6
DA:26,6
DA:28,8
DA:29,8
DA:31,1
DA:32,0
DA:34,1
DA:35,1
DA:36,1
DA:37,1
DA:38,1
DA:39,1
DA:40,1
DA:41,1
DA:43,1
DA:44,12
DA:46,1
DA:47,0
DA:49,1
DA:51,1
LF:41
LH:39
BRDA:1,1,0,1
BRDA:1,1,1,1
BRDA:1,1,2,1
BRDA:2,2,0,0
BRDA:2,2,1,0
BRDA:4,3,0,0
BRDA:4,3,1,19
BRDA:20,4,0,2
BRDA:20,4,1,6
BRDA:52,5,0,1
BRDA:52,5,1,0
BRDA:53,6,0,1
BRDA:53,6,1,0
BRDA:54,7,0,1
BRDA:54,7,1,0
BRF:15
BRH:9
end_of_record
TN:
SF:/home/pancho111203/Studies/EclipseSource/JsonFormsEditor/test/ts/components/core/model/toolboxElementLayout.js
FN:1,(anonymous_1)
FN:3,__
FN:10,(anonymous_3)
FN:12,(anonymous_4)
FN:14,(anonymous_5)
FN:15,(anonymous_6)
FN:17,LayoutToolboxElement
FN:20,(anonymous_8)
FNF:8
FNH:6
FNDA:0,(anonymous_1)
FNDA:0,__
FNDA:1,(anonymous_3)
FNDA:1,(anonymous_4)
FNDA:1,(anonymous_5)
FNDA:1,(anonymous_6)
FNDA:15,LayoutToolboxElement
FNDA:2,(anonymous_8)
DA:1,1
DA:2,0
DA:3,1
DA:4,0
DA:9,1
DA:10,1
DA:11,1
DA:12,1
DA:13,1
DA:14,1
DA:15,1
DA:16,1
DA:17,1
DA:18,15
DA:20,1
DA:21,2
DA:22,2
DA:23,2
DA:24,2
DA:25,2
DA:27,1
DA:29,1
LF:22
LH:20
BRDA:1,1,0,1
BRDA:1,1,1,1
BRDA:1,1,2,0
BRDA:2,2,0,0
BRDA:2,2,1,0
BRDA:4,3,0,0
BRDA:4,3,1,0
BRDA:30,4,0,1
BRDA:30,4,1,0
BRDA:31,5,0,1
BRDA:31,5,1,0
BRDA:32,6,0,1
BRDA:32,6,1,0
BRF:13
BRH:5
end_of_record
TN:
SF:/home/pancho111203/Studies/EclipseSource/JsonFormsEditor/test/ts/components/core/model/treeElement.js
FN:2,(anonymous_1)
FN:4,(anonymous_2)
FN:6,(anonymous_3)
FN:7,(anonymous_4)
FN:8,TreeElement
FN:20,(anonymous_6)
FN:23,(anonymous_7)
FN:26,(anonymous_8)
FN:29,(anonymous_9)
FN:32,(anonymous_10)
FN:40,(anonymous_11)
FN:43,(anonymous_12)
FN:46,(anonymous_13)
FN:49,(anonymous_14)
FN:52,(anonymous_15)
FN:55,(anonymous_16)
FN:58,(anonymous_17)
FN:61,(anonymous_18)
FN:64,(anonymous_19)
FN:70,(anonymous_20)
FN:73,(anonymous_21)
FN:76,(anonymous_22)
FN:79,(anonymous_23)
FN:86,(anonymous_24)
FN:92,(anonymous_25)
FN:113,(anonymous_26)
FN:117,(anonymous_27)
FN:120,(anonymous_28)
FN:125,(anonymous_29)
FN:128,(anonymous_30)
FNF:30
FNH:15
FNDA:1,(anonymous_1)
FNDA:1,(anonymous_2)
FNDA:1,(anonymous_3)
FNDA:1,(anonymous_4)
FNDA:3,TreeElement
FNDA:0,(anonymous_6)
FNDA:3,(anonymous_7)
FNDA:0,(anonymous_8)
FNDA:1,(anonymous_9)
FNDA:0,(anonymous_10)
FNDA:0,(anonymous_11)
FNDA:4,(anonymous_12)
FNDA:0,(anonymous_13)
FNDA:1,(anonymous_14)
FNDA:0,(anonymous_15)
FNDA:0,(anonymous_16)
FNDA:0,(anonymous_17)
FNDA:1,(anonymous_18)
FNDA:0,(anonymous_19)
FNDA:3,(anonymous_20)
FNDA:0,(anonymous_21)
FNDA:0,(anonymous_22)
FNDA:0,(anonymous_23)
FNDA:0,(anonymous_24)
FNDA:3,(anonymous_25)
FNDA:14,(anonymous_26)
FNDA:1,(anonymous_27)
FNDA:11,(anonymous_28)
FNDA:0,(anonymous_29)
FNDA:0,(anonymous_30)
DA:1,1
DA:2,1
DA:3,1
DA:4,1
DA:5,1
DA:6,1
DA:7,1
DA:8,1
DA:9,3
DA:10,3
DA:17,3
DA:18,3
DA:20,1
DA:21,0
DA:23,1
DA:24,3
DA:26,1
DA:27,0
DA:29,1
DA:30,1
DA:32,1
DA:33,0
DA:34,0
DA:37,0
DA:40,1
DA:41,0
DA:43,1
DA:44,4
DA:46,1
DA:47,0
DA:49,1
DA:50,1
DA:52,1
DA:53,0
DA:55,1
DA:56,0
DA:58,1
DA:59,0
DA:61,1
DA:62,1
DA:64,1
DA:65,0
DA:66,0
DA:68,0
DA:70,1
DA:71,3
DA:73,1
DA:74,0
DA:76,1
DA:77,0
DA:79,1
DA:80,0
DA:81,0
DA:82,0
DA:83,0
DA:84,0
DA:85,0
DA:86,0
DA:87,0
DA:89,0
DA:90,0
DA:92,1
DA:93,3
DA:94,3
DA:95,3
DA:96,0
DA:98,3
DA:99,1
DA:100,1
DA:102,3
DA:103,0
DA:104,0
DA:105,0
DA:107,3
DA:108,2
DA:109,2
DA:110,1
DA:113,3
DA:114,14
DA:117,1
DA:118,1
DA:120,1
DA:121,11
DA:122,4
DA:125,1
DA:126,0
DA:128,1
DA:129,0
DA:130,0
DA:132,0
DA:134,1
DA:136,1
LF:92
LH:59
BRDA:33,1,0,0
BRDA:33,1,1,0
BRDA:59,2,0,0
BRDA:59,2,1,0
BRDA:65,3,0,0
BRDA:65,3,1,0
BRDA:95,4,0,0
BRDA:95,4,1,3
BRDA:95,5,0,3
BRDA:95,5,1,0
BRDA:98,6,0,1
BRDA:98,6,1,2
BRDA:98,7,0,3
BRDA:98,7,1,1
BRDA:102,8,0,0
BRDA:102,8,1,3
BRDA:102,9,0,3
BRDA:102,9,1,0
BRDA:102,9,2,0
BRDA:107,10,0,2
BRDA:107,10,1,1
BRDA:121,11,0,4
BRDA:121,11,1,7
BRDA:129,12,0,0
BRDA:129,12,1,0
BRDA:137,13,0,1
BRDA:137,13,1,0
BRDA:138,14,0,1
BRDA:138,14,1,0
BRDA:139,15,0,1
BRDA:139,15,1,0
BRF:31
BRH:15
end_of_record
TN:
SF:/home/pancho111203/Studies/EclipseSource/JsonFormsEditor/test/ts/components/core/config/config.service.js
FN:5,(anonymous_1)
FN:7,(anonymous_2)
FN:8,(anonymous_3)
FN:9,ConfigService
FN:21,(anonymous_5)
FN:24,(anonymous_6)
FNF:6
FNH:4
FNDA:1,(anonymous_1)
FNDA:1,(anonymous_2)
FNDA:1,(anonymous_3)
FNDA:1,ConfigService
FNDA:0,(anonymous_5)
FNDA:0,(anonymous_6)
DA:4,1
DA:5,1
DA:6,1
DA:7,1
DA:8,1
DA:9,1
DA:14,1
DA:19,1
DA:21,1
DA:22,0
DA:24,1
DA:25,0
DA:27,1
DA:29,1
DA:30,1
LF:15
LH:13
BRDA:31,1,0,1
BRDA:31,1,1,0
BRDA:32,2,0,1
BRDA:32,2,1,0
BRF:4
BRH:2
end_of_record
TN:
SF:/home/pancho111203/Studies/EclipseSource/JsonFormsEditor/test/ts/components/core/connectors/github/githubConnector.service.js
FN:2,(anonymous_1)
FN:4,(anonymous_2)
FN:6,(anonymous_3)
FN:7,(anonymous_4)
FN:8,GithubConnector
FN:19,(anonymous_6)
FN:22,(anonymous_7)
FN:25,(anonymous_8)
FN:31,(anonymous_9)
FN:40,(anonymous_10)
FN:43,(anonymous_11)
FN:46,(anonymous_12)
FN:49,(anonymous_13)
FN:53,(anonymous_14)
FN:56,(anonymous_15)
FN:70,(anonymous_16)
FN:76,(anonymous_17)
FN:79,(anonymous_18)
FN:82,(anonymous_19)
FN:85,(anonymous_20)
FNF:20
FNH:6
FNDA:1,(anonymous_1)
FNDA:1,(anonymous_2)
FNDA:1,(anonymous_3)
FNDA:1,(anonymous_4)
FNDA:5,GithubConnector
FNDA:10,(anonymous_6)
FNDA:0,(anonymous_7)
FNDA:0,(anonymous_8)
FNDA:0,(anonymous_9)
FNDA:0,(anonymous_10)
FNDA:0,(anonymous_11)
FNDA:0,(anonymous_12)
FNDA:0,(anonymous_13)
FNDA:0,(anonymous_14)
FNDA:0,(anonymous_15)
FNDA:0,(anonymous_16)
FNDA:0,(anonymous_17)
FNDA:0,(anonymous_18)
FNDA:0,(anonymous_19)
FNDA:0,(anonymous_20)
DA:1,1
DA:2,1
DA:3,1
DA:4,1
DA:5,1
DA:6,1
DA:7,1
DA:8,1
DA:9,5
DA:10,5
DA:11,5
DA:12,5
DA:13,5
DA:14,5
DA:16,5
DA:17,5
DA:19,1
DA:20,10
DA:22,1
DA:23,0
DA:25,1
DA:26,0
DA:27,0
DA:28,0
DA:29,0
DA:30,0
DA:31,0
DA:33,0
DA:34,0
DA:35,0
DA:36,0
DA:38,0
DA:40,1
DA:41,0
DA:43,1
DA:44,0
DA:46,1
DA:47,0
DA:48,0
DA:50,0
DA:53,1
DA:54,0
DA:56,1
DA:57,0
DA:58,0
DA:59,0
DA:62,0
DA:63,0
DA:64,0
DA:65,0
DA:66,0
DA:69,0
DA:71,0
DA:72,0
DA:73,0
DA:76,1
DA:77,0
DA:79,1
DA:80,0
DA:82,1
DA:83,0
DA:84,0
DA:86,0
DA:87,0
DA:88,0
DA:89,0
DA:92,0
DA:96,1
DA:97,1
DA:99,1
DA:100,1
LF:71
LH:32
BRDA:58,1,0,0
BRDA:58,1,1,0
BRDA:62,2,0,0
BRDA:62,2,1,0
BRDA:64,3,0,0
BRDA:64,3,1,0
BRDA:101,4,0,1
BRDA:101,4,1,1
BRDA:102,5,0,1
BRDA:102,5,1,0
BRDA:103,6,0,1
BRDA:103,6,1,0
BRF:12
BRH:4
end_of_record
TN:
SF:/home/pancho111203/Studies/EclipseSource/JsonFormsEditor/test/ts/components/core/connectors/github/model/FileLoader.js
FN:5,(anonymous_1)
FN:7,(anonymous_2)
FN:9,(anonymous_3)
FN:10,(anonymous_4)
FN:11,FileLoader
FNF:5
FNH:5
FNDA:1,(anonymous_1)
FNDA:1,(anonymous_2)
FNDA:1,(anonymous_3)
FNDA:1,(anonymous_4)
FNDA:10,FileLoader
DA:4,1
DA:5,1
DA:6,1
DA:7,1
DA:8,1
DA:9,1
DA:10,1
DA:11,1
DA:13,1
DA:15,1
LF:10
LH:10
BRDA:16,1,0,1
BRDA:16,1,1,0
BRDA:17,2,0,1
BRDA:17,2,1,0
BRDA:18,3,0,1
BRDA:18,3,1,0
BRF:6
BRH:3
end_of_record
TN:
SF:/home/pancho111203/Studies/EclipseSource/JsonFormsEditor/test/ts/components/core/connectors/github/model/file.js
FN:5,(anonymous_1)
FN:7,(anonymous_2)
FN:9,(anonymous_3)
FN:10,(anonymous_4)
FN:11,GithubFile
FN:14,(anonymous_6)
FN:17,(anonymous_7)
FN:20,(anonymous_8)
FNF:8
FNH:4
FNDA:1,(anonymous_1)
FNDA:1,(anonymous_2)
FNDA:1,(anonymous_3)
FNDA:1,(anonymous_4)
FNDA:0,GithubFile
FNDA:0,(anonymous_6)
FNDA:0,(anonymous_7)
FNDA:0,(anonymous_8)
DA:4,1
DA:5,1
DA:6,1
DA:7,1
DA:8,1
DA:9,1
DA:10,1
DA:11,1
DA:12,0
DA:14,1
DA:15,0
DA:17,1
DA:18,0
DA:20,1
DA:21,0
DA:23,1
DA:25,1
LF:17
LH:13
BRDA:26,1,0,1
BRDA:26,1,1,0
BRDA:27,2,0,1
BRDA:27,2,1,0
BRDA:28,3,0,1
BRDA:28,3,1,0
BRF:6
BRH:3
end_of_record
TN:
SF:/home/pancho111203/Studies/EclipseSource/JsonFormsEditor/test/ts/components/core/connectors/github/model/fileLevel.js
FN:2,(anonymous_1)
FN:4,(anonymous_2)
FN:6,(anonymous_3)
FN:7,(anonymous_4)
FN:8,GithubFileLevel
FN:11,(anonymous_6)
FN:13,(anonymous_7)
FN:16,(anonymous_8)
FN:19,(anonymous_9)
FN:22,(anonymous_10)
FN:25,(anonymous_11)
FNF:11
FNH:4
FNDA:1,(anonymous_1)
FNDA:1,(anonymous_2)
FNDA:1,(anonymous_3)
FNDA:1,(anonymous_4)
FNDA:0,GithubFileLevel
FNDA:0,(anonymous_6)
FNDA:0,(anonymous_7)
FNDA:0,(anonymous_8)
FNDA:0,(anonymous_9)
FNDA:0,(anonymous_10)
FNDA:0,(anonymous_11)
DA:1,1
DA:2,1
DA:3,1
DA:4,1
DA:5,1
DA:6,1
DA:7,1
DA:8,1
DA:9,0
DA:10,0
DA:11,0
DA:13,1
DA:14,0
DA:16,1
DA:17,0
DA:19,1
DA:20,0
DA:22,1
DA:23,0
DA:25,1
DA:26,0
DA:28,1
DA:30,1
LF:23
LH:15
BRDA:31,1,0,1
BRDA:31,1,1,0
BRDA:32,2,0,1
BRDA:32,2,1,0
BRDA:33,3,0,1
BRDA:33,3,1,0
BRF:6
BRH:3
end_of_record
TN:
SF:/home/pancho111203/Studies/EclipseSource/JsonFormsEditor/test/ts/components/core/connectors/sociocortex/sociocortexConnector.service.js
FN:2,(anonymous_1)
FN:4,(anonymous_2)
FN:6,(anonymous_3)
FN:7,(anonymous_4)
FN:8,SocioCortexConnector
FN:12,(anonymous_6)
FN:15,(anonymous_7)
FN:21,(anonymous_8)
FN:24,(anonymous_9)
FN:29,(anonymous_10)
FN:32,(anonymous_11)
FN:37,(anonymous_12)
FN:44,(anonymous_13)
FN:47,(anonymous_14)
FN:53,(anonymous_15)
FN:59,(anonymous_16)
FN:67,(anonymous_17)
FN:77,(anonymous_18)
FN:101,(anonymous_19)
FN:106,(anonymous_20)
FNF:20
FNH:4
FNDA:1,(anonymous_1)
FNDA:1,(anonymous_2)
FNDA:1,(anonymous_3)
FNDA:1,(anonymous_4)
FNDA:0,SocioCortexConnector
FNDA:0,(anonymous_6)
FNDA:0,(anonymous_7)
FNDA:0,(anonymous_8)
FNDA:0,(anonymous_9)
FNDA:0,(anonymous_10)
FNDA:0,(anonymous_11)
FNDA:0,(anonymous_12)
FNDA:0,(anonymous_13)
FNDA:0,(anonymous_14)
FNDA:0,(anonymous_15)
FNDA:0,(anonymous_16)
FNDA:0,(anonymous_17)
FNDA:0,(anonymous_18)
FNDA:0,(anonymous_19)
FNDA:0,(anonymous_20)
DA:1,1
DA:2,1
DA:3,1
DA:4,1
DA:5,1
DA:6,1
DA:7,1
DA:8,1
DA:9,0
DA:10,0
DA:12,1
DA:13,0
DA:15,1
DA:16,0
DA:17,0
DA:18,0
DA:19,0
DA:22,0
DA:25,0
DA:29,1
DA:30,0
DA:32,1
DA:33,0
DA:34,0
DA:35,0
DA:38,0
DA:39,0
DA:40,0
DA:44,1
DA:45,0
DA:47,1
DA:48,0
DA:49,0
DA:50,0
DA:51,0
DA:54,0
DA:55,0
DA:56,0
DA:57,0
DA:60,0
DA:62,0
DA:63,0
DA:67,1
DA:68,0
DA:72,0
DA:73,0
DA:75,0
DA:77,1
DA:78,0
DA:79,0
DA:80,0
DA:82,0
DA:83,0
DA:85,0
DA:86,0
DA:88,0
DA:89,0
DA:90,0
DA:92,0
DA:93,0
DA:94,0
DA:96,0
DA:98,0
DA:99,0
DA:101,1
DA:102,0
DA:103,0
DA:104,0
DA:106,1
DA:107,0
DA:108,0
DA:112,1
DA:113,1
DA:115,1
DA:116,1
LF:75
LH:22
BRDA:39,1,0,0
BRDA:39,1,1,0
BRDA:62,2,0,0
BRDA:62,2,1,0
BRDA:80,3,0,0
BRDA:80,3,1,0
BRDA:80,3,2,0
BRDA:80,3,3,0
BRDA:80,3,4,0
BRDA:102,4,0,0
BRDA:102,4,1,0
BRDA:117,5,0,1
BRDA:117,5,1,0
BRDA:118,6,0,1
BRDA:118,6,1,0
BRDA:119,7,0,1
BRDA:119,7,1,0
BRF:17
BRH:3
end_of_record
TN:
SF:/home/pancho111203/Studies/EclipseSource/JsonFormsEditor/test/ts/components/core/dataschema/dataschema.service.js
FN:3,(anonymous_1)
FN:5,__
FN:9,(anonymous_3)
FN:11,(anonymous_4)
FN:13,(anonymous_5)
FN:16,(anonymous_6)
FN:18,DataschemaService
FN:29,(anonymous_8)
FN:37,(anonymous_9)
FN:46,(anonymous_10)
FN:51,(anonymous_11)
FN:61,(anonymous_12)
FN:68,(anonymous_13)
FN:71,(anonymous_14)
FN:72,(anonymous_15)
FN:74,(anonymous_16)
FN:76,(anonymous_17)
FN:81,(anonymous_18)
FN:83,(anonymous_19)
FN:98,(anonymous_20)
FN:131,(anonymous_21)
FN:146,(anonymous_22)
FN:155,(anonymous_23)
FN:163,(anonymous_24)
FNF:24
FNH:15
FNDA:0,(anonymous_1)
FNDA:0,__
FNDA:1,(anonymous_3)
FNDA:1,(anonymous_4)
FNDA:1,(anonymous_5)
FNDA:1,(anonymous_6)
FNDA:5,DataschemaService
FNDA:3,(anonymous_8)
FNDA:5,(anonymous_9)
FNDA:6,(anonymous_10)
FNDA:6,(anonymous_11)
FNDA:8,(anonymous_12)
FNDA:3,(anonymous_13)
FNDA:0,(anonymous_14)
FNDA:0,(anonymous_15)
FNDA:0,(anonymous_16)
FNDA:0,(anonymous_17)
FNDA:0,(anonymous_18)
FNDA:0,(anonymous_19)
FNDA:2,(anonymous_20)
FNDA:0,(anonymous_21)
FNDA:1,(anonymous_22)
FNDA:1,(anonymous_23)
FNDA:9,(anonymous_24)
DA:3,1
DA:4,0
DA:5,1
DA:6,0
DA:8,1
DA:9,1
DA:10,1
DA:11,1
DA:12,1
DA:13,1
DA:14,1
DA:15,1
DA:16,1
DA:17,1
DA:18,1
DA:19,5
DA:20,5
DA:29,1
DA:30,3
DA:37,1
DA:38,5
DA:39,5
DA:40,5
DA:41,5
DA:42,5
DA:43,0
DA:45,5
DA:46,5
DA:47,6
DA:49,5
DA:51,1
DA:52,6
DA:53,6
DA:54,4
DA:57,2
DA:59,6
DA:61,1
DA:62,8
DA:68,1
DA:69,3
DA:71,1
DA:72,0
DA:74,1
DA:75,0
DA:76,0
DA:77,0
DA:79,0
DA:81,1
DA:82,0
DA:83,0
DA:84,0
DA:88,0
DA:98,1
DA:99,2
DA:100,2
DA:101,2
DA:102,2
DA:103,0
DA:104,0
DA:106,2
DA:107,2
DA:108,0
DA:109,0
DA:111,2
DA:113,2
DA:114,0
DA:115,0
DA:118,2
DA:119,0
DA:121,2
DA:122,0
DA:124,2
DA:125,0
DA:127,2
DA:128,2
DA:129,2
DA:131,1
DA:132,0
DA:133,0
DA:135,0
DA:136,0
DA:146,1
DA:147,1
DA:148,1
DA:149,0
DA:151,1
DA:152,1
DA:153,1
DA:155,1
DA:156,1
DA:163,1
DA:164,9
DA:165,9
DA:166,9
DA:167,7
DA:169,2
DA:170,2
DA:171,2
DA:172,2
DA:173,0
DA:175,2
DA:179,0
DA:182,2
DA:184,1
DA:186,1
DA:187,1
LF:106
LH:78
BRDA:3,1,0,1
BRDA:3,1,1,1
BRDA:3,1,2,0
BRDA:4,2,0,0
BRDA:4,2,1,0
BRDA:6,3,0,0
BRDA:6,3,1,0
BRDA:39,4,0,0
BRDA:39,4,1,5
BRDA:42,5,0,0
BRDA:42,5,1,5
BRDA:53,6,0,4
BRDA:53,6,1,2
BRDA:82,7,0,0
BRDA:82,7,1,0
BRDA:99,8,0,2
BRDA:99,8,1,2
BRDA:102,9,0,0
BRDA:102,9,1,2
BRDA:102,10,0,2
BRDA:102,10,1,2
BRDA:107,11,0,0
BRDA:107,11,1,2
BRDA:107,12,0,2
BRDA:107,12,1,2
BRDA:113,13,0,0
BRDA:113,13,1,2
BRDA:118,14,0,0
BRDA:118,14,1,2
BRDA:121,15,0,0
BRDA:121,15,1,2
BRDA:124,16,0,0
BRDA:124,16,1,2
BRDA:132,17,0,0
BRDA:132,17,1,0
BRDA:135,18,0,0
BRDA:135,18,1,0
BRDA:148,19,0,0
BRDA:148,19,1,1
BRDA:148,20,0,1
BRDA:148,20,1,1
BRDA:148,20,2,1
BRDA:166,21,0,7
BRDA:166,21,1,2
BRDA:170,22,0,2
BRDA:170,22,1,0
BRDA:170,23,0,2
BRDA:170,23,1,2
BRDA:172,24,0,0
BRDA:172,24,1,2
BRDA:188,25,0,1
BRDA:188,25,1,1
BRDA:189,26,0,1
BRDA:189,26,1,0
BRDA:190,27,0,1
BRDA:190,27,1,0
BRF:56
BRH:32
end_of_record
TN:
SF:/home/pancho111203/Studies/EclipseSource/JsonFormsEditor/test/ts/components/core/metaschema/Definition.js
FN:2,(anonymous_1)
FN:4,(anonymous_2)
FN:6,(anonymous_3)
FN:7,(anonymous_4)
FN:15,Definition
FN:22,(anonymous_6)
FN:29,(anonymous_7)
FN:32,(anonymous_8)
FN:39,(anonymous_9)
FN:46,(anonymous_10)
FN:49,(anonymous_11)
FN:56,(anonymous_12)
FN:63,(anonymous_13)
FN:66,(anonymous_14)
FN:69,(anonymous_15)
FNF:15
FNH:14
FNDA:1,(anonymous_1)
FNDA:1,(anonymous_2)
FNDA:1,(anonymous_3)
FNDA:1,(anonymous_4)
FNDA:15,Definition
FNDA:15,(anonymous_6)
FNDA:50,(anonymous_7)
FNDA:15,(anonymous_8)
FNDA:2,(anonymous_9)
FNDA:32,(anonymous_10)
FNDA:15,(anonymous_11)
FNDA:1,(anonymous_12)
FNDA:0,(anonymous_13)
FNDA:15,(anonymous_14)
FNDA:42,(anonymous_15)
DA:1,1
DA:2,1
DA:3,1
DA:4,1
DA:5,1
DA:6,1
DA:7,1
DA:15,1
DA:16,15
DA:17,15
DA:18,15
DA:19,15
DA:20,15
DA:22,1
DA:23,15
DA:29,1
DA:30,50
DA:32,1
DA:33,15
DA:39,1
DA:40,2
DA:46,1
DA:47,32
DA:49,1
DA:50,15
DA:56,1
DA:57,1
DA:63,1
DA:64,0
DA:66,1
DA:67,15
DA:68,15
DA:69,15
DA:70,42
DA:71,12
DA:111,30
DA:121,15
DA:126,1
DA:128,1
LF:39
LH:38
BRDA:70,1,0,12
BRDA:70,1,1,30
BRDA:117,2,0,30
BRDA:117,2,1,27
BRDA:117,2,2,15
BRDA:129,3,0,1
BRDA:129,3,1,1
BRDA:130,4,0,1
BRDA:130,4,1,0
BRDA:131,5,0,1
BRDA:131,5,1,0
BRF:11
BRH:9
end_of_record
TN:
SF:/home/pancho111203/Studies/EclipseSource/JsonFormsEditor/test/ts/components/core/metaschema/metaSchema.js
FN:2,(anonymous_1)
FN:4,(anonymous_2)
FN:6,(anonymous_3)
FN:7,(anonymous_4)
FN:8,Metaschema
FN:19,(anonymous_6)
FN:25,(anonymous_7)
FN:41,(anonymous_8)
FN:44,(anonymous_9)
FN:53,(anonymous_10)
FN:61,(anonymous_11)
FN:63,(anonymous_12)
FN:84,(anonymous_13)
FN:94,(anonymous_14)
FN:95,(anonymous_15)
FN:99,(anonymous_16)
FN:113,(anonymous_17)
FN:132,(anonymous_18)
FN:141,(anonymous_19)
FN:149,(anonymous_20)
FN:150,(anonymous_21)
FNF:21
FNH:21
FNDA:1,(anonymous_1)
FNDA:1,(anonymous_2)
FNDA:1,(anonymous_3)
FNDA:1,(anonymous_4)
FNDA:3,Metaschema
FNDA:3,(anonymous_6)
FNDA:3,(anonymous_7)
FNDA:15,(anonymous_8)
FNDA:15,(anonymous_9)
FNDA:39,(anonymous_10)
FNDA:16,(anonymous_11)
FNDA:58,(anonymous_12)
FNDA:46,(anonymous_13)
FNDA:39,(anonymous_14)
FNDA:78,(anonymous_15)
FNDA:15,(anonymous_16)
FNDA:3,(anonymous_17)
FNDA:15,(anonymous_18)
FNDA:5,(anonymous_19)
FNDA:11,(anonymous_20)
FNDA:35,(anonymous_21)
DA:1,1
DA:2,1
DA:3,1
DA:4,1
DA:5,1
DA:6,1
DA:7,1
DA:8,1
DA:9,3
DA:10,3
DA:19,1
DA:20,3
DA:21,3
DA:22,3
DA:24,3
DA:25,3
DA:26,3
DA:29,3
DA:30,12
DA:33,3
DA:34,12
DA:35,12
DA:38,3
DA:39,3
DA:41,1
DA:42,15
DA:44,1
DA:45,15
DA:46,15
DA:47,15
DA:48,15
DA:49,15
DA:50,15
DA:51,15
DA:53,15
DA:54,39
DA:56,15
DA:57,3
DA:61,1
DA:62,16
DA:63,16
DA:64,58
DA:65,16
DA:66,16
DA:67,16
DA:68,13
DA:70,16
DA:71,4
DA:73,16
DA:74,13
DA:76,16
DA:79,42
DA:82,16
DA:84,1
DA:85,46
DA:86,46
DA:87,9
DA:89,37
DA:90,37
DA:92,46
DA:94,1
DA:95,39
DA:96,78
DA:99,1
DA:100,15
DA:101,15
DA:102,15
DA:103,12
DA:104,12
DA:105,9
DA:108,3
DA:111,15
DA:113,1
DA:114,3
DA:115,3
DA:116,15
DA:117,15
DA:118,15
DA:119,15
DA:120,15
DA:122,3
DA:123,15
DA:124,15
DA:125,15
DA:126,15
DA:127,39
DA:129,15
DA:132,1
DA:133,15
DA:134,15
DA:135,15
DA:141,1
DA:142,5
DA:149,1
DA:150,11
DA:151,35
DA:154,1
DA:156,1
LF:98
LH:98
BRDA:9,1,0,0
BRDA:9,1,1,3
BRDA:45,2,0,15
BRDA:45,2,1,0
BRDA:54,3,0,39
BRDA:54,3,1,3
BRDA:64,4,0,16
BRDA:64,4,1,42
BRDA:64,5,0,58
BRDA:64,5,1,45
BRDA:67,6,0,13
BRDA:67,6,1,3
BRDA:70,7,0,4
BRDA:70,7,1,12
BRDA:73,8,0,13
BRDA:73,8,1,3
BRDA:86,9,0,9
BRDA:86,9,1,37
BRDA:89,10,0,37
BRDA:89,10,1,0
BRDA:102,11,0,12
BRDA:102,11,1,3
BRDA:104,12,0,9
BRDA:104,12,1,3
BRDA:157,13,0,1
BRDA:157,13,1,0
BRDA:158,14,0,1
BRDA:158,14,1,0
BRDA:159,15,0,1
BRDA:159,15,1,0
BRF:30
BRH:24
end_of_record
TN:
SF:/home/pancho111203/Studies/EclipseSource/JsonFormsEditor/test/ts/components/core/metaschema/metaSchema.service.js
FN:2,(anonymous_1)
FN:4,(anonymous_2)
FN:6,(anonymous_3)
FN:7,(anonymous_4)
FN:8,MetaschemaService
FN:11,(anonymous_6)
FN:22,(anonymous_7)
FN:25,(anonymous_8)
FNF:8
FNH:8
FNDA:1,(anonymous_1)
FNDA:1,(anonymous_2)
FNDA:1,(anonymous_3)
FNDA:1,(anonymous_4)
FNDA:5,MetaschemaService
FNDA:1,(anonymous_6)
FNDA:8,(anonymous_7)
FNDA:1,(anonymous_8)
DA:1,1
DA:2,1
DA:3,1
DA:4,1
DA:5,1
DA:6,1
DA:7,1
DA:8,1
DA:9,5
DA:10,5
DA:11,5
DA:12,1
DA:13,1
DA:15,5
DA:22,1
DA:23,8
DA:25,1
DA:26,1
DA:27,0
DA:28,0
DA:30,1
DA:32,1
DA:33,1
DA:35,1
DA:36,1
LF:25
LH:23
BRDA:26,1,0,0
BRDA:26,1,1,1
BRDA:37,2,0,1
BRDA:37,2,1,0
BRDA:38,3,0,1
BRDA:38,3,1,0
BRDA:39,4,0,1
BRDA:39,4,1,0
BRF:8
BRH:4
end_of_record
TN:
SF:/home/pancho111203/Studies/EclipseSource/JsonFormsEditor/test/ts/components/core/metaschema/metaschema.spec.js
FN:6,(anonymous_1)
FN:8,(anonymous_2)
FN:11,(anonymous_3)
FN:15,(anonymous_4)
FN:21,(anonymous_5)
FN:27,(anonymous_6)
FN:76,(anonymous_7)
FN:80,(anonymous_8)
FN:84,(anonymous_9)
FN:92,(anonymous_10)
FNF:10
FNH:10
FNDA:1,(anonymous_1)
FNDA:1,(anonymous_2)
FNDA:1,(anonymous_3)
FNDA:1,(anonymous_4)
FNDA:1,(anonymous_5)
FNDA:1,(anonymous_6)
FNDA:1,(anonymous_7)
FNDA:1,(anonymous_8)
FNDA:1,(anonymous_9)
FNDA:1,(anonymous_10)
DA:3,1
DA:4,1
DA:5,1
DA:6,1
DA:7,1
DA:8,1
DA:9,1
DA:11,1
DA:12,1
DA:13,1
DA:15,1
DA:16,1
DA:17,1
DA:18,1
DA:19,1
DA:21,1
DA:22,1
DA:23,1
DA:24,1
DA:25,1
DA:27,1
DA:28,1
DA:68,1
DA:69,1
DA:70,1
DA:71,1
DA:72,1
DA:73,1
DA:74,1
DA:76,1
DA:77,1
DA:78,1
DA:80,1
DA:81,1
DA:82,1
DA:84,1
DA:85,1
DA:86,1
DA:87,1
DA:88,1
DA:89,1
DA:90,1
DA:92,1
DA:93,1
DA:94,1
DA:95,1
DA:96,1
DA:101,1
LF:48
LH:48
BRF:0
BRH:0
end_of_record
TN:
SF:/home/pancho111203/Studies/EclipseSource/JsonFormsEditor/test/ts/components/core/undo/toolboxServiceMemento.js
FN:1,(anonymous_1)
FN:3,__
FN:7,(anonymous_3)
FN:9,(anonymous_4)
FN:11,(anonymous_5)
FN:12,(anonymous_6)
FN:14,ToolboxServiceMemento
FN:19,(anonymous_8)
FN:22,(anonymous_9)
FNF:9
FNH:4
FNDA:0,(anonymous_1)
FNDA:0,__
FNDA:1,(anonymous_3)
FNDA:1,(anonymous_4)
FNDA:1,(anonymous_5)
FNDA:1,(anonymous_6)
FNDA:0,ToolboxServiceMemento
FNDA:0,(anonymous_8)
FNDA:0,(anonymous_9)
DA:1,1
DA:2,0
DA:3,1
DA:4,0
DA:6,1
DA:7,1
DA:8,1
DA:9,1
DA:10,1
DA:11,1
DA:12,1
DA:13,1
DA:14,1
DA:15,0
DA:16,0
DA:17,0
DA:19,1
DA:20,0
DA:22,1
DA:23,0
DA:25,1
DA:27,1
LF:22
LH:15
BRDA:1,1,0,1
BRDA:1,1,1,1
BRDA:1,1,2,0
BRDA:2,2,0,0
BRDA:2,2,1,0
BRDA:4,3,0,0
BRDA:4,3,1,0
BRDA:28,4,0,1
BRDA:28,4,1,1
BRDA:29,5,0,1
BRDA:29,5,1,0
BRDA:30,6,0,1
BRDA:30,6,1,0
BRF:13
BRH:6
end_of_record
TN:
SF:/home/pancho111203/Studies/EclipseSource/JsonFormsEditor/test/ts/components/core/undo/treeServiceMemento.js
FN:1,(anonymous_1)
FN:3,__
FN:7,(anonymous_3)
FN:9,(anonymous_4)
FN:11,(anonymous_5)
FN:12,(anonymous_6)
FN:14,TreeServiceMemento
FN:18,(anonymous_8)
FNF:8
FNH:4
FNDA:0,(anonymous_1)
FNDA:0,__
FNDA:1,(anonymous_3)
FNDA:1,(anonymous_4)
FNDA:1,(anonymous_5)
FNDA:1,(anonymous_6)
FNDA:0,TreeServiceMemento
FNDA:0,(anonymous_8)
DA:1,1
DA:2,0
DA:3,1
DA:4,0
DA:6,1
DA:7,1
DA:8,1
DA:9,1
DA:10,1
DA:11,1
DA:12,1
DA:13,1
DA:14,1
DA:15,0
DA:16,0
DA:18,1
DA:19,0
DA:21,1
DA:23,1
LF:19
LH:14
BRDA:1,1,0,1
BRDA:1,1,1,1
BRDA:1,1,2,0
BRDA:2,2,0,0
BRDA:2,2,1,0
BRDA:4,3,0,0
BRDA:4,3,1,0
BRDA:24,4,0,1
BRDA:24,4,1,0
BRDA:25,5,0,1
BRDA:25,5,1,0
BRDA:26,6,0,1
BRDA:26,6,1,0
BRF:13
BRH:5
end_of_record
TN:
SF:/home/pancho111203/Studies/EclipseSource/JsonFormsEditor/test/ts/components/core/undo/undo.service.js
FN:2,(anonymous_1)
FN:4,(anonymous_2)
FN:6,(anonymous_3)
FN:8,(anonymous_4)
FN:9,UndoService
FN:15,(anonymous_6)
FN:19,(anonymous_7)
FN:22,(anonymous_8)
FNF:8
FNH:5
FNDA:1,(anonymous_1)
FNDA:1,(anonymous_2)
FNDA:1,(anonymous_3)
FNDA:1,(anonymous_4)
FNDA:1,UndoService
FNDA:0,(anonymous_6)
FNDA:0,(anonymous_7)
FNDA:0,(anonymous_8)
DA:1,1
DA:2,1
DA:3,1
DA:4,1
DA:5,1
DA:6,1
DA:7,1
DA:8,1
DA:9,1
DA:10,1
DA:11,1
DA:12,1
DA:13,1
DA:15,1
DA:19,1
DA:20,0
DA:22,1
DA:23,0
DA:24,0
DA:25,0
DA:26,0
DA:29,1
DA:30,1
DA:32,1
DA:33,1
LF:25
LH:20
BRDA:20,1,0,0
BRDA:20,1,1,0
BRDA:23,2,0,0
BRDA:23,2,1,0
BRDA:34,3,0,1
BRDA:34,3,1,0
BRDA:35,4,0,1
BRDA:35,4,1,0
BRDA:36,5,0,1
BRDA:36,5,1,0
BRF:10
BRH:3
end_of_record
TN:
SF:/home/pancho111203/Studies/EclipseSource/JsonFormsEditor/test/ts/components/core/validation/validator.service.js
FN:5,(anonymous_1)
FN:7,(anonymous_2)
FN:8,(anonymous_3)
FN:9,ValidatorService
FN:12,(anonymous_5)
FNF:5
FNH:5
FNDA:1,(anonymous_1)
FNDA:1,(anonymous_2)
FNDA:1,(anonymous_3)
FNDA:2,ValidatorService
FNDA:1,(anonymous_5)
DA:4,1
DA:5,1
DA:6,1
DA:7,1
DA:8,1
DA:9,1
DA:10,2
DA:12,1
DA:13,1
DA:14,0
DA:16,1
DA:17,0
DA:19,1
DA:20,1
DA:21,1
DA:22,0
DA:24,1
DA:25,1
DA:27,1
DA:28,1
DA:30,1
DA:31,1
LF:22
LH:19
BRDA:13,1,0,0
BRDA:13,1,1,1
BRDA:16,2,0,0
BRDA:16,2,1,1
BRDA:21,3,0,0
BRDA:21,3,1,1
BRDA:32,4,0,1
BRDA:32,4,1,0
BRDA:33,5,0,1
BRDA:33,5,1,0
BRF:10
BRH:5
end_of_record
TN:
SF:/home/pancho111203/Studies/EclipseSource/JsonFormsEditor/test/ts/components/detail/detail.controller.js
FN:2,(anonymous_1)
FN:4,(anonymous_2)
FN:6,(anonymous_3)
FN:7,DetailController
FN:9,(anonymous_5)
FNF:5
FNH:3
FNDA:1,(anonymous_1)
FNDA:1,(anonymous_2)
FNDA:1,(anonymous_3)
FNDA:0,DetailController
FNDA:0,(anonymous_5)
DA:1,1
DA:2,1
DA:3,1
DA:4,1
DA:5,1
DA:6,1
DA:7,1
DA:8,0
DA:9,0
DA:10,0
DA:13,1
DA:14,1
DA:16,1
LF:13
LH:10
BRDA:17,1,0,1
BRDA:17,1,1,0
BRDA:18,2,0,1
BRDA:18,2,1,0
BRF:4
BRH:2
end_of_record
TN:
SF:/home/pancho111203/Studies/EclipseSource/JsonFormsEditor/test/ts/components/detail/detail.service.js
FN:2,(anonymous_1)
FN:4,(anonymous_2)
FN:5,(anonymous_3)
FN:6,DetailService
FN:11,(anonymous_5)
FN:14,(anonymous_6)
FNF:6
FNH:3
FNDA:1,(anonymous_1)
FNDA:1,(anonymous_2)
FNDA:1,(anonymous_3)
FNDA:0,DetailService
FNDA:0,(anonymous_5)
FNDA:0,(anonymous_6)
DA:1,1
DA:2,1
DA:3,1
DA:4,1
DA:5,1
DA:6,1
DA:7,0
DA:8,0
DA:9,0
DA:11,1
DA:12,0
DA:13,0
DA:14,0
DA:15,0
DA:16,0
DA:17,0
DA:19,0
DA:20,0
DA:24,0
DA:26,0
DA:28,1
DA:29,1
DA:31,1
DA:32,1
LF:24
LH:11
BRDA:16,1,0,0
BRDA:16,1,1,0
BRDA:33,2,0,1
BRDA:33,2,1,0
BRDA:34,3,0,1
BRDA:34,3,1,0
BRF:6
BRH:2
end_of_record
TN:
SF:/home/pancho111203/Studies/EclipseSource/JsonFormsEditor/test/ts/components/dialogs/abstract/abstractDialog.js
FN:2,(anonymous_1)
FN:4,(anonymous_2)
FN:5,(anonymous_3)
FN:6,AbstractDialog
FN:9,(anonymous_5)
FNF:5
FNH:4
FNDA:1,(anonymous_1)
FNDA:1,(anonymous_2)
FNDA:1,(anonymous_3)
FNDA:1,AbstractDialog
FNDA:0,(anonymous_5)
DA:1,1
DA:2,1
DA:3,1
DA:4,1
DA:5,1
DA:6,1
DA:7,1
DA:9,1
DA:10,0
DA:12,1
DA:14,1
LF:11
LH:10
BRDA:15,1,0,1
BRDA:15,1,1,0
BRDA:16,2,0,1
BRDA:16,2,1,0
BRF:4
BRH:2
end_of_record
TN:
SF:/home/pancho111203/Studies/EclipseSource/JsonFormsEditor/test/ts/components/dialogs/abstract/wizard/abstractWizard.js
FN:1,(anonymous_1)
FN:3,__
FN:7,(anonymous_3)
FN:9,(anonymous_4)
FN:10,(anonymous_5)
FN:12,AbstractWizard
FN:19,(anonymous_7)
FN:21,(anonymous_8)
FN:25,(anonymous_9)
FN:28,(anonymous_10)
FN:31,(anonymous_11)
FN:34,(anonymous_12)
FN:37,(anonymous_13)
FN:45,(anonymous_14)
FN:48,(anonymous_15)
FN:56,(anonymous_16)
FN:59,(anonymous_17)
FN:61,(anonymous_18)
FN:63,(anonymous_19)
FN:67,(anonymous_20)
FN:70,(anonymous_21)
FN:73,(anonymous_22)
FN:81,(anonymous_23)
FN:93,(anonymous_24)
FN:96,(anonymous_25)
FN:99,(anonymous_26)
FN:108,(anonymous_27)
FNF:27
FNH:11
FNDA:0,(anonymous_1)
FNDA:0,__
FNDA:1,(anonymous_3)
FNDA:1,(anonymous_4)
FNDA:1,(anonymous_5)
FNDA:1,AbstractWizard
FNDA:1,(anonymous_7)
FNDA:1,(anonymous_8)
FNDA:7,(anonymous_9)
FNDA:42,(anonymous_10)
FNDA:7,(anonymous_11)
FNDA:14,(anonymous_12)
FNDA:0,(anonymous_13)
FNDA:0,(anonymous_14)
FNDA:0,(anonymous_15)
FNDA:0,(anonymous_16)
FNDA:0,(anonymous_17)
FNDA:0,(anonymous_18)
FNDA:0,(anonymous_19)
FNDA:0,(anonymous_20)
FNDA:0,(anonymous_21)
FNDA:0,(anonymous_22)
FNDA:0,(anonymous_23)
FNDA:0,(anonymous_24)
FNDA:0,(anonymous_25)
FNDA:0,(anonymous_26)
FNDA:7,(anonymous_27)
DA:1,1
DA:2,0
DA:3,1
DA:4,0
DA:6,1
DA:7,1
DA:8,1
DA:9,1
DA:10,1
DA:11,1
DA:12,1
DA:13,1
DA:14,1
DA:15,1
DA:16,1
DA:17,1
DA:19,1
DA:20,1
DA:21,1
DA:22,1
DA:25,1
DA:26,7
DA:28,1
DA:29,42
DA:31,1
DA:32,7
DA:34,1
DA:35,14
DA:37,1
DA:38,0
DA:39,0
DA:40,0
DA:41,0
DA:45,1
DA:46,0
DA:48,1
DA:49,0
DA:50,0
DA:53,0
DA:56,1
DA:57,0
DA:59,1
DA:61,1
DA:62,0
DA:63,0
DA:64,0
DA:67,1
DA:68,0
DA:70,1
DA:71,0
DA:73,1
DA:74,0
DA:75,0
DA:76,0
DA:77,0
DA:79,0
DA:80,0
DA:81,0
DA:82,0
DA:86,0
DA:90,0
DA:93,1
DA:94,0
DA:96,1
DA:97,0
DA:99,1
DA:100,0
DA:101,0
DA:103,0
DA:104,0
DA:108,1
DA:109,7
DA:114,1
DA:116,1
LF:74
LH:42
BRDA:1,1,0,1
BRDA:1,1,1,1
BRDA:1,1,2,0
BRDA:2,2,0,0
BRDA:2,2,1,0
BRDA:4,3,0,0
BRDA:4,3,1,0
BRDA:38,4,0,0
BRDA:38,4,1,0
BRDA:40,5,0,0
BRDA:40,5,1,0
BRDA:40,6,0,0
BRDA:40,6,1,0
BRDA:49,7,0,0
BRDA:49,7,1,0
BRDA:75,8,0,0
BRDA:75,8,1,0
BRDA:79,9,0,0
BRDA:79,9,1,0
BRDA:80,10,0,0
BRDA:80,10,1,0
BRDA:100,11,0,0
BRDA:100,11,1,0
BRDA:103,12,0,0
BRDA:103,12,1,0
BRDA:103,13,0,0
BRDA:103,13,1,0
BRDA:111,14,0,0
BRDA:111,14,1,7
BRDA:117,15,0,1
BRDA:117,15,1,0
BRDA:118,16,0,1
BRDA:118,16,1,0
BRF:33
BRH:5
end_of_record
TN:
SF:/home/pancho111203/Studies/EclipseSource/JsonFormsEditor/test/ts/components/dialogs/abstract/wizard/abstractWizardStep.js
FN:2,(anonymous_1)
FN:4,(anonymous_2)
FN:5,(anonymous_3)
FN:6,AbstractWizardStep
FN:9,(anonymous_5)
FN:12,(anonymous_6)
FN:15,(anonymous_7)
FNF:7
FNH:5
FNDA:1,(anonymous_1)
FNDA:1,(anonymous_2)
FNDA:1,(anonymous_3)
FNDA:1,AbstractWizardStep
FNDA:7,(anonymous_5)
FNDA:0,(anonymous_6)
FNDA:0,(anonymous_7)
DA:1,1
DA:2,1
DA:3,1
DA:4,1
DA:5,1
DA:6,1
DA:7,1
DA:9,1
DA:10,7
DA:12,1
DA:13,0
DA:15,1
DA:16,0
DA:18,1
DA:20,1
LF:15
LH:13
BRDA:21,1,0,1
BRDA:21,1,1,0
BRDA:22,2,0,1
BRDA:22,2,1,0
BRF:4
BRH:2
end_of_record
TN:
SF:/home/pancho111203/Studies/EclipseSource/JsonFormsEditor/test/ts/components/dialogs/dataschemaImport/chooseUploadStep/choseUploadStep.controller.js
FN:1,(anonymous_1)
FN:3,__
FN:7,(anonymous_3)
FN:9,(anonymous_4)
FN:11,(anonymous_5)
FN:13,(anonymous_6)
FN:15,ChooseUploadStepController
FN:18,(anonymous_8)
FN:21,(anonymous_9)
FN:27,(anonymous_10)
FN:30,(anonymous_11)
FN:33,(anonymous_12)
FN:36,(anonymous_13)
FNF:13
FNH:9
FNDA:0,(anonymous_1)
FNDA:0,__
FNDA:1,(anonymous_3)
FNDA:1,(anonymous_4)
FNDA:1,(anonymous_5)
FNDA:1,(anonymous_6)
FNDA:1,ChooseUploadStepController
FNDA:7,(anonymous_8)
FNDA:7,(anonymous_9)
FNDA:21,(anonymous_10)
FNDA:7,(anonymous_11)
FNDA:0,(anonymous_12)
FNDA:0,(anonymous_13)
DA:1,1
DA:2,0
DA:3,1
DA:4,0
DA:6,1
DA:7,1
DA:8,1
DA:9,1
DA:10,1
DA:11,1
DA:12,1
DA:13,1
DA:14,1
DA:15,1
DA:16,1
DA:18,1
DA:19,7
DA:21,1
DA:22,7
DA:23,7
DA:25,0
DA:27,1
DA:28,21
DA:30,1
DA:31,7
DA:33,1
DA:34,0
DA:36,1
DA:37,0
DA:39,1
DA:41,1
LF:31
LH:26
BRDA:1,1,0,1
BRDA:1,1,1,1
BRDA:1,1,2,0
BRDA:2,2,0,0
BRDA:2,2,1,0
BRDA:4,3,0,0
BRDA:4,3,1,0
BRDA:22,4,0,7
BRDA:22,4,1,0
BRDA:42,5,0,1
BRDA:42,5,1,1
BRDA:43,6,0,1
BRDA:43,6,1,0
BRDA:44,7,0,1
BRDA:44,7,1,0
BRF:15
BRH:7
end_of_record
TN:
SF:/home/pancho111203/Studies/EclipseSource/JsonFormsEditor/test/ts/components/dialogs/dataschemaImport/dataschemaImport.controller.js
FN:1,(anonymous_1)
FN:3,__
FN:7,(anonymous_3)
FN:9,(anonymous_4)
FN:11,(anonymous_5)
FN:12,(anonymous_6)
FN:14,DataschemaImportController
FN:24,(anonymous_8)
FN:27,(anonymous_9)
FN:33,(anonymous_10)
FN:35,(anonymous_11)
FNF:11
FNH:5
FNDA:0,(anonymous_1)
FNDA:0,__
FNDA:1,(anonymous_3)
FNDA:1,(anonymous_4)
FNDA:1,(anonymous_5)
FNDA:1,(anonymous_6)
FNDA:1,DataschemaImportController
FNDA:0,(anonymous_8)
FNDA:0,(anonymous_9)
FNDA:0,(anonymous_10)
FNDA:0,(anonymous_11)
DA:1,1
DA:2,0
DA:3,1
DA:4,0
DA:6,1
DA:7,1
DA:8,1
DA:9,1
DA:10,1
DA:11,1
DA:12,1
DA:13,1
DA:14,1
DA:15,1
DA:16,1
DA:17,1
DA:18,1
DA:19,1
DA:20,1
DA:21,1
DA:22,1
DA:24,1
DA:25,0
DA:27,1
DA:28,0
DA:29,0
DA:30,0
DA:31,0
DA:33,1
DA:34,0
DA:35,0
DA:36,0
DA:37,0
DA:38,0
DA:39,0
DA:41,0
DA:42,0
DA:43,0
DA:45,0
DA:48,1
DA:49,1
DA:51,1
LF:42
LH:25
BRDA:1,1,0,1
BRDA:1,1,1,1
BRDA:1,1,2,0
BRDA:2,2,0,0
BRDA:2,2,1,0
BRDA:4,3,0,0
BRDA:4,3,1,0
BRDA:38,4,0,0
BRDA:38,4,1,0
BRDA:42,5,0,0
BRDA:42,5,1,0
BRDA:52,6,0,1
BRDA:52,6,1,0
BRDA:53,7,0,1
BRDA:53,7,1,0
BRDA:54,8,0,1
BRDA:54,8,1,0
BRF:17
BRH:5
end_of_record
TN:
SF:/home/pancho111203/Studies/EclipseSource/JsonFormsEditor/test/ts/components/dialogs/dataschemaImport/dataschemaImport.service.js
FN:2,(anonymous_1)
FN:4,(anonymous_2)
FN:6,(anonymous_3)
FN:7,(anonymous_4)
FN:8,DataschemaImportService
FN:11,(anonymous_6)
FN:14,(anonymous_7)
FNF:7
FNH:7
FNDA:1,(anonymous_1)
FNDA:1,(anonymous_2)
FNDA:1,(anonymous_3)
FNDA:1,(anonymous_4)
FNDA:5,DataschemaImportService
FNDA:20,(anonymous_6)
FNDA:6,(anonymous_7)
DA:1,1
DA:2,1
DA:3,1
DA:4,1
DA:5,1
DA:6,1
DA:7,1
DA:8,1
DA:9,5
DA:11,1
DA:12,20
DA:14,1
DA:15,6
DA:17,1
DA:19,1
DA:20,1
LF:16
LH:16
BRDA:21,1,0,1
BRDA:21,1,1,0
BRDA:22,2,0,1
BRDA:22,2,1,0
BRDA:23,3,0,1
BRDA:23,3,1,0
BRF:6
BRH:3
end_of_record
TN:
SF:/home/pancho111203/Studies/EclipseSource/JsonFormsEditor/test/ts/components/dialogs/dataschemaImport/emptyHook/emptyHook.run.js
FN:2,(anonymous_1)
FN:4,(anonymous_2)
FN:6,(anonymous_3)
FN:7,(anonymous_4)
FN:8,Runner
FNF:5
FNH:5
FNDA:1,(anonymous_1)
FNDA:1,(anonymous_2)
FNDA:1,(anonymous_3)
FNDA:1,(anonymous_4)
FNDA:5,Runner
DA:1,1
DA:2,1
DA:3,1
DA:4,1
DA:5,1
DA:6,1
DA:7,1
DA:8,1
DA:10,1
DA:11,1
DA:13,1
LF:11
LH:11
BRDA:14,1,0,1
BRDA:14,1,1,0
BRDA:15,2,0,1
BRDA:15,2,1,0
BRDA:16,3,0,1
BRDA:16,3,1,0
BRF:6
BRH:3
end_of_record
TN:
SF:/home/pancho111203/Studies/EclipseSource/JsonFormsEditor/test/ts/components/dialogs/dataschemaImport/emptyHook/emptyHook.service.js
FN:2,(anonymous_1)
FN:4,(anonymous_2)
FN:6,(anonymous_3)
FN:7,(anonymous_4)
FN:8,EmptyHookService
FN:12,(anonymous_6)
FN:15,(anonymous_7)
FN:18,(anonymous_8)
FNF:8
FNH:7
FNDA:1,(anonymous_1)
FNDA:1,(anonymous_2)
FNDA:1,(anonymous_3)
FNDA:1,(anonymous_4)
FNDA:5,EmptyHookService
FNDA:6,(anonymous_6)
FNDA:6,(anonymous_7)
FNDA:0,(anonymous_8)
DA:1,1
DA:2,1
DA:3,1
DA:4,1
DA:5,1
DA:6,1
DA:7,1
DA:8,1
DA:9,5
DA:10,5
DA:12,1
DA:13,6
DA:15,1
DA:16,6
DA:18,1
DA:19,0
DA:21,1
DA:22,1
DA:24,1
DA:25,1
LF:20
LH:19
BRDA:26,1,0,1
BRDA:26,1,1,0
BRDA:27,2,0,1
BRDA:27,2,1,0
BRDA:28,3,0,1
BRDA:28,3,1,0
BRF:6
BRH:3
end_of_record
TN:
SF:/home/pancho111203/Studies/EclipseSource/JsonFormsEditor/test/ts/components/dialogs/dataschemaImport/fromUrlHook/fromURLHook.run.js
FN:2,(anonymous_1)
FN:4,(anonymous_2)
FN:6,(anonymous_3)
FN:7,(anonymous_4)
FN:8,Runner
FNF:5
FNH:5
FNDA:1,(anonymous_1)
FNDA:1,(anonymous_2)
FNDA:1,(anonymous_3)
FNDA:1,(anonymous_4)
FNDA:5,Runner
DA:1,1
DA:2,1
DA:3,1
DA:4,1
DA:5,1
DA:6,1
DA:7,1
DA:8,1
DA:10,1
DA:11,1
DA:13,1
LF:11
LH:11
BRDA:14,1,0,1
BRDA:14,1,1,0
BRDA:15,2,0,1
BRDA:15,2,1,0
BRDA:16,3,0,1
BRDA:16,3,1,0
BRF:6
BRH:3
end_of_record
TN:
SF:/home/pancho111203/Studies/EclipseSource/JsonFormsEditor/test/ts/components/dialogs/dataschemaImport/fromUrlHook/fromURLHook.service.js
FN:2,(anonymous_1)
FN:4,(anonymous_2)
FN:6,(anonymous_3)
FN:7,(anonymous_4)
FN:8,FromUrlHookService
FN:12,(anonymous_6)
FN:15,(anonymous_7)
FN:18,(anonymous_8)
FNF:8
FNH:7
FNDA:1,(anonymous_1)
FNDA:1,(anonymous_2)
FNDA:1,(anonymous_3)
FNDA:1,(anonymous_4)
FNDA:5,FromUrlHookService
FNDA:6,(anonymous_6)
FNDA:6,(anonymous_7)
FNDA:0,(anonymous_8)
DA:1,1
DA:2,1
DA:3,1
DA:4,1
DA:5,1
DA:6,1
DA:7,1
DA:8,1
DA:9,5
DA:10,5
DA:12,1
DA:13,6
DA:15,1
DA:16,6
DA:18,1
DA:19,0
DA:20,0
DA:22,1
DA:23,1
DA:25,1
DA:26,1
LF:21
LH:19
BRDA:27,1,0,1
BRDA:27,1,1,0
BRDA:28,2,0,1
BRDA:28,2,1,0
BRDA:29,3,0,1
BRDA:29,3,1,0
BRF:6
BRH:3
end_of_record
TN:
SF:/home/pancho111203/Studies/EclipseSource/JsonFormsEditor/test/ts/components/dialogs/dataschemaImport/fromUrlHook/fromUrlStep.controller.js
FN:1,(anonymous_1)
FN:3,__
FN:7,(anonymous_3)
FN:9,(anonymous_4)
FN:11,(anonymous_5)
FN:12,(anonymous_6)
FN:14,FromUrlHookController
FN:18,(anonymous_8)
FN:21,(anonymous_9)
FN:24,(anonymous_10)
FN:27,(anonymous_11)
FN:30,(anonymous_12)
FN:33,(anonymous_13)
FN:34,(anonymous_14)
FNF:14
FNH:4
FNDA:0,(anonymous_1)
FNDA:0,__
FNDA:1,(anonymous_3)
FNDA:1,(anonymous_4)
FNDA:1,(anonymous_5)
FNDA:1,(anonymous_6)
FNDA:0,FromUrlHookController
FNDA:0,(anonymous_8)
FNDA:0,(anonymous_9)
FNDA:0,(anonymous_10)
FNDA:0,(anonymous_11)
FNDA:0,(anonymous_12)
FNDA:0,(anonymous_13)
FNDA:0,(anonymous_14)
DA:1,1
DA:2,0
DA:3,1
DA:4,0
DA:6,1
DA:7,1
DA:8,1
DA:9,1
DA:10,1
DA:11,1
DA:12,1
DA:13,1
DA:14,1
DA:15,0
DA:16,0
DA:18,1
DA:19,0
DA:21,1
DA:22,0
DA:24,1
DA:25,0
DA:27,1
DA:28,0
DA:30,1
DA:31,0
DA:33,1
DA:34,0
DA:35,0
DA:38,0
DA:41,1
DA:43,1
LF:31
LH:19
BRDA:1,1,0,1
BRDA:1,1,1,1
BRDA:1,1,2,0
BRDA:2,2,0,0
BRDA:2,2,1,0
BRDA:4,3,0,0
BRDA:4,3,1,0
BRDA:44,4,0,1
BRDA:44,4,1,0
BRDA:45,5,0,1
BRDA:45,5,1,0
BRDA:46,6,0,1
BRDA:46,6,1,0
BRF:13
BRH:5
end_of_record
TN:
SF:/home/pancho111203/Studies/EclipseSource/JsonFormsEditor/test/ts/components/dialogs/dataschemaImport/githubHook/githubHook.run.js
FN:2,(anonymous_1)
FN:4,(anonymous_2)
FN:6,(anonymous_3)
FN:7,(anonymous_4)
FN:8,Runner
FNF:5
FNH:5
FNDA:1,(anonymous_1)
FNDA:1,(anonymous_2)
FNDA:1,(anonymous_3)
FNDA:1,(anonymous_4)
FNDA:5,Runner
DA:1,1
DA:2,1
DA:3,1
DA:4,1
DA:5,1
DA:6,1
DA:7,1
DA:8,1
DA:10,1
DA:11,1
DA:13,1
LF:11
LH:11
BRDA:14,1,0,1
BRDA:14,1,1,0
BRDA:15,2,0,1
BRDA:15,2,1,0
BRDA:16,3,0,1
BRDA:16,3,1,0
BRF:6
BRH:3
end_of_record
TN:
SF:/home/pancho111203/Studies/EclipseSource/JsonFormsEditor/test/ts/components/dialogs/dataschemaImport/githubHook/githubHook.service.js
FN:2,(anonymous_1)
FN:4,(anonymous_2)
FN:6,(anonymous_3)
FN:7,(anonymous_4)
FN:8,GithubHookService
FN:14,(anonymous_6)
FN:17,(anonymous_7)
FN:20,(anonymous_8)
FNF:8
FNH:7
FNDA:1,(anonymous_1)
FNDA:1,(anonymous_2)
FNDA:1,(anonymous_3)
FNDA:1,(anonymous_4)
FNDA:5,GithubHookService
FNDA:6,(anonymous_6)
FNDA:6,(anonymous_7)
FNDA:0,(anonymous_8)
DA:1,1
DA:2,1
DA:3,1
DA:4,1
DA:5,1
DA:6,1
DA:7,1
DA:8,1
DA:9,5
DA:10,5
DA:11,5
DA:12,5
DA:14,1
DA:15,6
DA:17,1
DA:18,6
DA:20,1
DA:21,0
DA:22,0
DA:24,1
DA:25,1
DA:27,1
DA:28,1
LF:23
LH:21
BRDA:29,1,0,1
BRDA:29,1,1,0
BRDA:30,2,0,1
BRDA:30,2,1,0
BRDA:31,3,0,1
BRDA:31,3,1,0
BRF:6
BRH:3
end_of_record
TN:
SF:/home/pancho111203/Studies/EclipseSource/JsonFormsEditor/test/ts/components/dialogs/dataschemaImport/githubHook/githubHookFileStep.controller.js
FN:1,(anonymous_1)
FN:3,__
FN:7,(anonymous_3)
FN:9,(anonymous_4)
FN:11,(anonymous_5)
FN:12,(anonymous_6)
FN:14,GithubHookFileStepController
FN:20,(anonymous_8)
FN:26,(anonymous_9)
FN:29,(anonymous_10)
FN:32,(anonymous_11)
FN:35,(anonymous_12)
FN:38,(anonymous_13)
FN:41,(anonymous_14)
FN:44,(anonymous_15)
FN:47,(anonymous_16)
FN:49,(anonymous_17)
FN:53,(anonymous_18)
FN:56,(anonymous_19)
FNF:19
FNH:4
FNDA:0,(anonymous_1)
FNDA:0,__
FNDA:1,(anonymous_3)
FNDA:1,(anonymous_4)
FNDA:1,(anonymous_5)
FNDA:1,(anonymous_6)
FNDA:0,GithubHookFileStepController
FNDA:0,(anonymous_8)
FNDA:0,(anonymous_9)
FNDA:0,(anonymous_10)
FNDA:0,(anonymous_11)
FNDA:0,(anonymous_12)
FNDA:0,(anonymous_13)
FNDA:0,(anonymous_14)
FNDA:0,(anonymous_15)
FNDA:0,(anonymous_16)
FNDA:0,(anonymous_17)
FNDA:0,(anonymous_18)
FNDA:0,(anonymous_19)
DA:1,1
DA:2,0
DA:3,1
DA:4,0
DA:6,1
DA:7,1
DA:8,1
DA:9,1
DA:10,1
DA:11,1
DA:12,1
DA:13,1
DA:14,1
DA:15,0
DA:16,0
DA:17,0
DA:18,0
DA:20,1
DA:21,0
DA:22,0
DA:24,0
DA:26,1
DA:27,0
DA:29,1
DA:30,0
DA:32,1
DA:33,0
DA:35,1
DA:36,0
DA:38,1
DA:39,0
DA:41,1
DA:42,0
DA:44,1
DA:45,0
DA:47,1
DA:48,0
DA:49,0
DA:50,0
DA:53,1
DA:54,0
DA:56,1
DA:57,0
DA:59,0
DA:62,0
DA:65,1
DA:67,1
LF:47
LH:24
BRDA:1,1,0,1
BRDA:1,1,1,1
BRDA:1,1,2,0
BRDA:2,2,0,0
BRDA:2,2,1,0
BRDA:4,3,0,0
BRDA:4,3,1,0
BRDA:21,4,0,0
BRDA:21,4,1,0
BRDA:57,5,0,0
BRDA:57,5,1,0
BRDA:68,6,0,1
BRDA:68,6,1,0
BRDA:69,7,0,1
BRDA:69,7,1,0
BRDA:70,8,0,1
BRDA:70,8,1,0
BRF:17
BRH:5
end_of_record
TN:
SF:/home/pancho111203/Studies/EclipseSource/JsonFormsEditor/test/ts/components/dialogs/dataschemaImport/githubHook/githubHookLoginStep.controller.js
FN:1,(anonymous_1)
FN:3,__
FN:7,(anonymous_3)
FN:9,(anonymous_4)
FN:11,(anonymous_5)
FN:12,(anonymous_6)
FN:14,GithubHookLoginStepController
FN:18,(anonymous_8)
FN:21,(anonymous_9)
FN:24,(anonymous_10)
FN:27,(anonymous_11)
FN:30,(anonymous_12)
FN:33,(anonymous_13)
FNF:13
FNH:4
FNDA:0,(anonymous_1)
FNDA:0,__
FNDA:1,(anonymous_3)
FNDA:1,(anonymous_4)
FNDA:1,(anonymous_5)
FNDA:1,(anonymous_6)
FNDA:0,GithubHookLoginStepController
FNDA:0,(anonymous_8)
FNDA:0,(anonymous_9)
FNDA:0,(anonymous_10)
FNDA:0,(anonymous_11)
FNDA:0,(anonymous_12)
FNDA:0,(anonymous_13)
DA:1,1
DA:2,0
DA:3,1
DA:4,0
DA:6,1
DA:7,1
DA:8,1
DA:9,1
DA:10,1
DA:11,1
DA:12,1
DA:13,1
DA:14,1
DA:15,0
DA:16,0
DA:18,1
DA:19,0
DA:21,1
DA:22,0
DA:24,1
DA:25,0
DA:27,1
DA:28,0
DA:30,1
DA:31,0
DA:33,1
DA:34,0
DA:36,1
DA:38,1
LF:29
LH:19
BRDA:1,1,0,1
BRDA:1,1,1,1
BRDA:1,1,2,0
BRDA:2,2,0,0
BRDA:2,2,1,0
BRDA:4,3,0,0
BRDA:4,3,1,0
BRDA:39,4,0,1
BRDA:39,4,1,0
BRDA:40,5,0,1
BRDA:40,5,1,0
BRDA:41,6,0,1
BRDA:41,6,1,0
BRF:13
BRH:5
end_of_record
TN:
SF:/home/pancho111203/Studies/EclipseSource/JsonFormsEditor/test/ts/components/dialogs/dataschemaImport/githubHook/githubHookRepoStep.controller.js
FN:1,(anonymous_1)
FN:3,__
FN:7,(anonymous_3)
FN:9,(anonymous_4)
FN:11,(anonymous_5)
FN:12,(anonymous_6)
FN:14,GithubHookRepoStepController
FN:20,(anonymous_8)
FN:23,(anonymous_9)
FN:26,(anonymous_10)
FN:29,(anonymous_11)
FN:32,(anonymous_12)
FN:35,(anonymous_13)
FN:38,(anonymous_14)
FN:41,(anonymous_15)
FN:44,(anonymous_16)
FN:49,(anonymous_17)
FN:52,(anonymous_18)
FN:54,(anonymous_19)
FN:59,(anonymous_20)
FN:62,(anonymous_21)
FNF:21
FNH:4
FNDA:0,(anonymous_1)
FNDA:0,__
FNDA:1,(anonymous_3)
FNDA:1,(anonymous_4)
FNDA:1,(anonymous_5)
FNDA:1,(anonymous_6)
FNDA:0,GithubHookRepoStepController
FNDA:0,(anonymous_8)
FNDA:0,(anonymous_9)
FNDA:0,(anonymous_10)
FNDA:0,(anonymous_11)
FNDA:0,(anonymous_12)
FNDA:0,(anonymous_13)
FNDA:0,(anonymous_14)
FNDA:0,(anonymous_15)
FNDA:0,(anonymous_16)
FNDA:0,(anonymous_17)
FNDA:0,(anonymous_18)
FNDA:0,(anonymous_19)
FNDA:0,(anonymous_20)
FNDA:0,(anonymous_21)
DA:1,1
DA:2,0
DA:3,1
DA:4,0
DA:6,1
DA:7,1
DA:8,1
DA:9,1
DA:10,1
DA:11,1
DA:12,1
DA:13,1
DA:14,1
DA:15,0
DA:16,0
DA:17,0
DA:18,0
DA:20,1
DA:21,0
DA:23,1
DA:24,0
DA:26,1
DA:27,0
DA:29,1
DA:30,0
DA:32,1
DA:33,0
DA:35,1
DA:36,0
DA:38,1
DA:39,0
DA:41,1
DA:42,0
DA:44,1
DA:45,0
DA:46,0
DA:47,0
DA:49,1
DA:50,0
DA:51,0
DA:52,0
DA:53,0
DA:55,0
DA:56,0
DA:59,1
DA:60,0
DA:62,1
DA:63,0
DA:65,1
DA:67,1
LF:50
LH:25
BRDA:1,1,0,1
BRDA:1,1,1,1
BRDA:1,1,2,0
BRDA:2,2,0,0
BRDA:2,2,1,0
BRDA:4,3,0,0
BRDA:4,3,1,0
BRDA:21,4,0,0
BRDA:21,4,1,0
BRDA:68,5,0,1
BRDA:68,5,1,0
BRDA:69,6,0,1
BRDA:69,6,1,0
BRDA:70,7,0,1
BRDA:70,7,1,0
BRF:15
BRH:5
end_of_record
TN:
SF:/home/pancho111203/Studies/EclipseSource/JsonFormsEditor/test/ts/components/dialogs/dataschemaImport/githubHook/githubHookUISchemaStep.controller.js
FN:1,(anonymous_1)
FN:3,__
FN:7,(anonymous_3)
FN:9,(anonymous_4)
FN:11,(anonymous_5)
FN:12,(anonymous_6)
FN:14,GithubHookUISchemaStepController
FN:22,(anonymous_8)
FN:28,(anonymous_9)
FN:31,(anonymous_10)
FN:34,(anonymous_11)
FN:37,(anonymous_12)
FN:40,(anonymous_13)
FN:43,(anonymous_14)
FN:46,(anonymous_15)
FN:49,(anonymous_16)
FN:57,(anonymous_17)
FN:62,(anonymous_18)
FN:66,(anonymous_19)
FN:69,(anonymous_20)
FN:78,(anonymous_21)
FN:81,(anonymous_22)
FNF:22
FNH:4
FNDA:0,(anonymous_1)
FNDA:0,__
FNDA:1,(anonymous_3)
FNDA:1,(anonymous_4)
FNDA:1,(anonymous_5)
FNDA:1,(anonymous_6)
FNDA:0,GithubHookUISchemaStepController
FNDA:0,(anonymous_8)
FNDA:0,(anonymous_9)
FNDA:0,(anonymous_10)
FNDA:0,(anonymous_11)
FNDA:0,(anonymous_12)
FNDA:0,(anonymous_13)
FNDA:0,(anonymous_14)
FNDA:0,(anonymous_15)
FNDA:0,(anonymous_16)
FNDA:0,(anonymous_17)
FNDA:0,(anonymous_18)
FNDA:0,(anonymous_19)
FNDA:0,(anonymous_20)
FNDA:0,(anonymous_21)
FNDA:0,(anonymous_22)
DA:1,1
DA:2,0
DA:3,1
DA:4,0
DA:6,1
DA:7,1
DA:8,1
DA:9,1
DA:10,1
DA:11,1
DA:12,1
DA:13,1
DA:14,1
DA:15,0
DA:16,0
DA:17,0
DA:18,0
DA:19,0
DA:20,0
DA:22,1
DA:23,0
DA:24,0
DA:26,0
DA:28,1
DA:29,0
DA:31,1
DA:32,0
DA:34,1
DA:35,0
DA:37,1
DA:38,0
DA:40,1
DA:41,0
DA:43,1
DA:44,0
DA:46,1
DA:47,0
DA:49,1
DA:50,0
DA:51,0
DA:52,0
DA:55,0
DA:57,0
DA:58,0
DA:63,0
DA:66,1
DA:67,0
DA:69,1
DA:70,0
DA:72,0
DA:75,0
DA:78,1
DA:79,0
DA:81,1
DA:82,0
DA:83,0
DA:85,1
DA:87,1
LF:58
LH:26
BRDA:1,1,0,1
BRDA:1,1,1,1
BRDA:1,1,2,0
BRDA:2,2,0,0
BRDA:2,2,1,0
BRDA:4,3,0,0
BRDA:4,3,1,0
BRDA:23,4,0,0
BRDA:23,4,1,0
BRDA:51,5,0,0
BRDA:51,5,1,0
BRDA:70,6,0,0
BRDA:70,6,1,0
BRDA:88,7,0,1
BRDA:88,7,1,0
BRDA:89,8,0,1
BRDA:89,8,1,0
BRDA:90,9,0,1
BRDA:90,9,1,0
BRF:19
BRH:5
end_of_record
TN:
SF:/home/pancho111203/Studies/EclipseSource/JsonFormsEditor/test/ts/components/dialogs/dataschemaImport/importhook.js
FNF:0
FNH:0
LF:0
LH:0
BRF:0
BRH:0
end_of_record
TN:
SF:/home/pancho111203/Studies/EclipseSource/JsonFormsEditor/test/ts/components/dialogs/dataschemaImport/sociocortexHook/socioCortexHookEntityTypeStep.controller.js
FN:1,(anonymous_1)
FN:3,__
FN:7,(anonymous_3)
FN:9,(anonymous_4)
FN:11,(anonymous_5)
FN:12,(anonymous_6)
FN:14,SocioCortexEntityTypeStepController
FN:19,(anonymous_8)
FN:22,(anonymous_9)
FN:25,(anonymous_10)
FN:28,(anonymous_11)
FN:30,(anonymous_12)
FN:42,(anonymous_13)
FN:45,(anonymous_14)
FNF:14
FNH:4
FNDA:0,(anonymous_1)
FNDA:0,__
FNDA:1,(anonymous_3)
FNDA:1,(anonymous_4)
FNDA:1,(anonymous_5)
FNDA:1,(anonymous_6)
FNDA:0,SocioCortexEntityTypeStepController
FNDA:0,(anonymous_8)
FNDA:0,(anonymous_9)
FNDA:0,(anonymous_10)
FNDA:0,(anonymous_11)
FNDA:0,(anonymous_12)
FNDA:0,(anonymous_13)
FNDA:0,(anonymous_14)
DA:1,1
DA:2,0
DA:3,1
DA:4,0
DA:6,1
DA:7,1
DA:8,1
DA:9,1
DA:10,1
DA:11,1
DA:12,1
DA:13,1
DA:14,1
DA:15,0
DA:16,0
DA:17,0
DA:19,1
DA:20,0
DA:22,1
DA:23,0
DA:25,1
DA:26,0
DA:28,1
DA:29,0
DA:30,0
DA:31,0
DA:32,0
DA:33,0
DA:34,0
DA:38,0
DA:39,0
DA:42,1
DA:43,0
DA:45,1
DA:46,0
DA:47,0
DA:49,1
DA:51,1
LF:38
LH:19
BRDA:1,1,0,1
BRDA:1,1,1,1
BRDA:1,1,2,0
BRDA:2,2,0,0
BRDA:2,2,1,0
BRDA:4,3,0,0
BRDA:4,3,1,0
BRDA:52,4,0,1
BRDA:52,4,1,0
BRDA:53,5,0,1
BRDA:53,5,1,0
BRDA:54,6,0,1
BRDA:54,6,1,0
BRF:13
BRH:5
end_of_record
TN:
SF:/home/pancho111203/Studies/EclipseSource/JsonFormsEditor/test/ts/components/dialogs/dataschemaImport/sociocortexHook/socioCortexLoginStep.controller.js
FN:1,(anonymous_1)
FN:3,__
FN:7,(anonymous_3)
FN:9,(anonymous_4)
FN:11,(anonymous_5)
FN:12,(anonymous_6)
FN:14,SocioCortexLoginStepController
FN:21,(anonymous_8)
FN:24,(anonymous_9)
FN:27,(anonymous_10)
FN:30,(anonymous_11)
FN:34,(anonymous_12)
FN:37,(anonymous_13)
FN:42,(anonymous_14)
FNF:14
FNH:4
FNDA:0,(anonymous_1)
FNDA:0,__
FNDA:1,(anonymous_3)
FNDA:1,(anonymous_4)
FNDA:1,(anonymous_5)
FNDA:1,(anonymous_6)
FNDA:0,SocioCortexLoginStepController
FNDA:0,(anonymous_8)
FNDA:0,(anonymous_9)
FNDA:0,(anonymous_10)
FNDA:0,(anonymous_11)
FNDA:0,(anonymous_12)
FNDA:0,(anonymous_13)
FNDA:0,(anonymous_14)
DA:1,1
DA:2,0
DA:3,1
DA:4,0
DA:6,1
DA:7,1
DA:8,1
DA:9,1
DA:10,1
DA:11,1
DA:12,1
DA:13,1
DA:14,1
DA:15,0
DA:16,0
DA:17,0
DA:18,0
DA:19,0
DA:21,1
DA:22,0
DA:24,1
DA:25,0
DA:27,1
DA:28,0
DA:30,1
DA:31,0
DA:32,0
DA:33,0
DA:34,0
DA:35,0
DA:36,0
DA:38,0
DA:39,0
DA:42,1
DA:43,0
DA:45,1
DA:47,1
LF:37
LH:18
BRDA:1,1,0,1
BRDA:1,1,1,1
BRDA:1,1,2,0
BRDA:2,2,0,0
BRDA:2,2,1,0
BRDA:4,3,0,0
BRDA:4,3,1,0
BRDA:38,4,0,0
BRDA:38,4,1,0
BRDA:48,5,0,1
BRDA:48,5,1,0
BRDA:49,6,0,1
BRDA:49,6,1,0
BRDA:50,7,0,1
BRDA:50,7,1,0
BRF:15
BRH:5
end_of_record
TN:
SF:/home/pancho111203/Studies/EclipseSource/JsonFormsEditor/test/ts/components/dialogs/dataschemaImport/sociocortexHook/socioCortexWorkspaceStep.controller.js
FN:1,(anonymous_1)
FN:3,__
FN:7,(anonymous_3)
FN:9,(anonymous_4)
FN:11,(anonymous_5)
FN:12,(anonymous_6)
FN:14,SocioCortexWorkspaceStepController
FN:19,(anonymous_8)
FN:22,(anonymous_9)
FN:25,(anonymous_10)
FN:28,(anonymous_11)
FN:31,(anonymous_12)
FN:34,(anonymous_13)
FNF:13
FNH:4
FNDA:0,(anonymous_1)
FNDA:0,__
FNDA:1,(anonymous_3)
FNDA:1,(anonymous_4)
FNDA:1,(anonymous_5)
FNDA:1,(anonymous_6)
FNDA:0,SocioCortexWorkspaceStepController
FNDA:0,(anonymous_8)
FNDA:0,(anonymous_9)
FNDA:0,(anonymous_10)
FNDA:0,(anonymous_11)
FNDA:0,(anonymous_12)
FNDA:0,(anonymous_13)
DA:1,1
DA:2,0
DA:3,1
DA:4,0
DA:6,1
DA:7,1
DA:8,1
DA:9,1
DA:10,1
DA:11,1
DA:12,1
DA:13,1
DA:14,1
DA:15,0
DA:16,0
DA:17,0
DA:19,1
DA:20,0
DA:22,1
DA:23,0
DA:25,1
DA:26,0
DA:28,1
DA:29,0
DA:31,1
DA:32,0
DA:34,1
DA:35,0
DA:36,0
DA:38,1
DA:40,1
LF:31
LH:19
BRDA:1,1,0,1
BRDA:1,1,1,1
BRDA:1,1,2,0
BRDA:2,2,0,0
BRDA:2,2,1,0
BRDA:4,3,0,0
BRDA:4,3,1,0
BRDA:41,4,0,1
BRDA:41,4,1,0
BRDA:42,5,0,1
BRDA:42,5,1,0
BRDA:43,6,0,1
BRDA:43,6,1,0
BRF:13
BRH:5
end_of_record
TN:
SF:/home/pancho111203/Studies/EclipseSource/JsonFormsEditor/test/ts/components/dialogs/dataschemaImport/sociocortexHook/sociocortexHook.run.js
FN:2,(anonymous_1)
FN:4,(anonymous_2)
FN:6,(anonymous_3)
FN:7,(anonymous_4)
FN:8,Runner
FNF:5
FNH:4
FNDA:1,(anonymous_1)
FNDA:1,(anonymous_2)
FNDA:1,(anonymous_3)
FNDA:1,(anonymous_4)
FNDA:0,Runner
DA:1,1
DA:2,1
DA:3,1
DA:4,1
DA:5,1
DA:6,1
DA:7,1
DA:8,1
DA:10,1
DA:11,1
DA:13,1
LF:11
LH:11
BRDA:14,1,0,1
BRDA:14,1,1,0
BRDA:15,2,0,1
BRDA:15,2,1,0
BRDA:16,3,0,1
BRDA:16,3,1,0
BRF:6
BRH:3
end_of_record
TN:
SF:/home/pancho111203/Studies/EclipseSource/JsonFormsEditor/test/ts/components/dialogs/dataschemaImport/sociocortexHook/sociocortexHook.service.js
FN:2,(anonymous_1)
FN:4,(anonymous_2)
FN:6,(anonymous_3)
FN:7,(anonymous_4)
FN:8,SociocortexHookService
FN:15,(anonymous_6)
FN:18,(anonymous_7)
FN:21,(anonymous_8)
FNF:8
FNH:4
FNDA:1,(anonymous_1)
FNDA:1,(anonymous_2)
FNDA:1,(anonymous_3)
FNDA:1,(anonymous_4)
FNDA:0,SociocortexHookService
FNDA:0,(anonymous_6)
FNDA:0,(anonymous_7)
FNDA:0,(anonymous_8)
DA:1,1
DA:2,1
DA:3,1
DA:4,1
DA:5,1
DA:6,1
DA:7,1
DA:8,1
DA:9,0
DA:10,0
DA:11,0
DA:15,1
DA:16,0
DA:18,1
DA:19,0
DA:21,1
DA:22,0
DA:25,0
DA:27,1
DA:28,1
DA:30,1
DA:31,1
LF:22
LH:15
BRDA:32,1,0,1
BRDA:32,1,1,0
BRDA:33,2,0,1
BRDA:33,2,1,0
BRDA:34,3,0,1
BRDA:34,3,1,0
BRF:6
BRH:3
end_of_record
TN:
SF:/home/pancho111203/Studies/EclipseSource/JsonFormsEditor/test/ts/components/dialogs/dataschemaImport/uploadHook/UploadStep.controller.js
FN:1,(anonymous_1)
FN:3,__
FN:7,(anonymous_3)
FN:9,(anonymous_4)
FN:11,(anonymous_5)
FN:12,(anonymous_6)
FN:14,UploadHookController
FN:22,(anonymous_8)
FN:24,(anonymous_9)
FN:30,(anonymous_10)
FN:32,(anonymous_11)
FN:39,(anonymous_12)
FN:42,(anonymous_13)
FN:45,(anonymous_14)
FN:48,(anonymous_15)
FN:51,(anonymous_16)
FN:65,(anonymous_17)
FNF:17
FNH:4
FNDA:0,(anonymous_1)
FNDA:0,__
FNDA:1,(anonymous_3)
FNDA:1,(anonymous_4)
FNDA:1,(anonymous_5)
FNDA:1,(anonymous_6)
FNDA:0,UploadHookController
FNDA:0,(anonymous_8)
FNDA:0,(anonymous_9)
FNDA:0,(anonymous_10)
FNDA:0,(anonymous_11)
FNDA:0,(anonymous_12)
FNDA:0,(anonymous_13)
FNDA:0,(anonymous_14)
FNDA:0,(anonymous_15)
FNDA:0,(anonymous_16)
FNDA:0,(anonymous_17)
DA:1,1
DA:2,0
DA:3,1
DA:4,0
DA:6,1
DA:7,1
DA:8,1
DA:9,1
DA:10,1
DA:11,1
DA:12,1
DA:13,1
DA:14,1
DA:15,0
DA:16,0
DA:17,0
DA:18,0
DA:19,0
DA:20,0
DA:21,0
DA:22,0
DA:23,0
DA:24,0
DA:25,0
DA:27,0
DA:28,0
DA:30,0
DA:31,0
DA:32,0
DA:33,0
DA:35,0
DA:36,0
DA:39,1
DA:40,0
DA:42,1
DA:43,0
DA:45,1
DA:46,0
DA:48,1
DA:49,0
DA:51,1
DA:52,0
DA:53,0
DA:57,0
DA:58,0
DA:59,0
DA:62,0
DA:65,1
DA:66,0
DA:68,1
DA:69,1
DA:71,1
LF:52
LH:20
BRDA:1,1,0,1
BRDA:1,1,1,1
BRDA:1,1,2,0
BRDA:2,2,0,0
BRDA:2,2,1,0
BRDA:4,3,0,0
BRDA:4,3,1,0
BRDA:58,4,0,0
BRDA:58,4,1,0
BRDA:72,5,0,1
BRDA:72,5,1,0
BRDA:73,6,0,1
BRDA:73,6,1,0
BRDA:74,7,0,1
BRDA:74,7,1,0
BRF:15
BRH:5
end_of_record
TN:
SF:/home/pancho111203/Studies/EclipseSource/JsonFormsEditor/test/ts/components/dialogs/dataschemaImport/uploadHook/uploadHook.run.js
FN:2,(anonymous_1)
FN:4,(anonymous_2)
FN:6,(anonymous_3)
FN:7,(anonymous_4)
FN:8,Runner
FNF:5
FNH:5
FNDA:1,(anonymous_1)
FNDA:1,(anonymous_2)
FNDA:1,(anonymous_3)
FNDA:1,(anonymous_4)
FNDA:5,Runner
DA:1,1
DA:2,1
DA:3,1
DA:4,1
DA:5,1
DA:6,1
DA:7,1
DA:8,1
DA:10,1
DA:11,1
DA:13,1
LF:11
LH:11
BRDA:14,1,0,1
BRDA:14,1,1,0
BRDA:15,2,0,1
BRDA:15,2,1,0
BRDA:16,3,0,1
BRDA:16,3,1,0
BRF:6
BRH:3
end_of_record
TN:
SF:/home/pancho111203/Studies/EclipseSource/JsonFormsEditor/test/ts/components/dialogs/dataschemaImport/uploadHook/uploadHook.service.js
FN:2,(anonymous_1)
FN:4,(anonymous_2)
FN:6,(anonymous_3)
FN:7,(anonymous_4)
FN:8,UploadHookService
FN:13,(anonymous_6)
FN:16,(anonymous_7)
FN:19,(anonymous_8)
FNF:8
FNH:7
FNDA:1,(anonymous_1)
FNDA:1,(anonymous_2)
FNDA:1,(anonymous_3)
FNDA:1,(anonymous_4)
FNDA:5,UploadHookService
FNDA:6,(anonymous_6)
FNDA:6,(anonymous_7)
FNDA:0,(anonymous_8)
DA:1,1
DA:2,1
DA:3,1
DA:4,1
DA:5,1
DA:6,1
DA:7,1
DA:8,1
DA:9,5
DA:10,5
DA:11,5
DA:13,1
DA:14,6
DA:16,1
DA:17,6
DA:19,1
DA:20,0
DA:21,0
DA:23,1
DA:24,1
DA:26,1
DA:27,1
LF:22
LH:20
BRDA:28,1,0,1
BRDA:28,1,1,0
BRDA:29,2,0,1
BRDA:29,2,1,0
BRDA:30,3,0,1
BRDA:30,3,1,0
BRF:6
BRH:3
end_of_record
TN:
SF:/home/pancho111203/Studies/EclipseSource/JsonFormsEditor/test/ts/components/dialogs/export/exportDialog.controller.js
FN:1,(anonymous_1)
FN:3,__
FN:7,(anonymous_3)
FN:9,(anonymous_4)
FN:10,(anonymous_5)
FN:12,ExportDialogController
FN:20,(anonymous_7)
FN:20,(anonymous_8)
FN:25,(anonymous_9)
FN:33,(anonymous_10)
FN:41,(anonymous_11)
FN:47,(anonymous_12)
FN:50,(anonymous_13)
FNF:13
FNH:3
FNDA:0,(anonymous_1)
FNDA:0,__
FNDA:1,(anonymous_3)
FNDA:1,(anonymous_4)
FNDA:1,(anonymous_5)
FNDA:0,ExportDialogController
FNDA:0,(anonymous_7)
FNDA:0,(anonymous_8)
FNDA:0,(anonymous_9)
FNDA:0,(anonymous_10)
FNDA:0,(anonymous_11)
FNDA:0,(anonymous_12)
FNDA:0,(anonymous_13)
DA:1,1
DA:2,0
DA:3,1
DA:4,0
DA:6,1
DA:7,1
DA:8,1
DA:9,1
DA:10,1
DA:11,1
DA:12,1
DA:13,0
DA:14,0
DA:15,0
DA:16,0
DA:17,0
DA:18,0
DA:19,0
DA:20,0
DA:21,0
DA:22,0
DA:25,1
DA:26,0
DA:28,0
DA:30,0
DA:33,1
DA:34,0
DA:36,0
DA:38,0
DA:41,1
DA:42,0
DA:43,0
DA:44,0
DA:45,0
DA:47,1
DA:48,0
DA:50,1
DA:51,0
DA:53,1
DA:54,1
DA:56,1
LF:41
LH:17
BRDA:1,1,0,1
BRDA:1,1,1,1
BRDA:1,1,2,0
BRDA:2,2,0,0
BRDA:2,2,1,0
BRDA:4,3,0,0
BRDA:4,3,1,0
BRDA:21,4,0,0
BRDA:21,4,1,0
BRDA:26,5,0,0
BRDA:26,5,1,0
BRDA:34,6,0,0
BRDA:34,6,1,0
BRDA:57,7,0,1
BRDA:57,7,1,0
BRDA:58,8,0,1
BRDA:58,8,1,0
BRF:17
BRH:4
end_of_record
TN:
SF:/home/pancho111203/Studies/EclipseSource/JsonFormsEditor/test/ts/components/header/header.controller.js
FN:2,(anonymous_1)
FN:4,(anonymous_2)
FN:7,(anonymous_3)
FN:8,HeaderViewController
FN:16,(anonymous_5)
FN:32,(anonymous_6)
FN:35,(anonymous_7)
FN:42,(anonymous_8)
FN:51,(anonymous_9)
FNF:9
FNH:3
FNDA:1,(anonymous_1)
FNDA:1,(anonymous_2)
FNDA:1,(anonymous_3)
FNDA:0,HeaderViewController
FNDA:0,(anonymous_5)
FNDA:0,(anonymous_6)
FNDA:0,(anonymous_7)
FNDA:0,(anonymous_8)
FNDA:0,(anonymous_9)
DA:1,1
DA:2,1
DA:3,1
DA:4,1
DA:5,1
DA:6,1
DA:7,1
DA:8,1
DA:9,0
DA:10,0
DA:11,0
DA:12,0
DA:13,0
DA:14,0
DA:16,1
DA:17,0
DA:18,0
DA:19,0
DA:30,0
DA:32,1
DA:33,0
DA:34,0
DA:35,0
DA:36,0
DA:43,0
DA:51,1
DA:52,0
DA:59,0
DA:61,1
DA:62,1
DA:64,1
LF:31
LH:14
BRDA:65,1,0,1
BRDA:65,1,1,0
BRDA:66,2,0,1
BRDA:66,2,1,0
BRF:4
BRH:2
end_of_record
TN:
SF:/home/pancho111203/Studies/EclipseSource/JsonFormsEditor/test/ts/components/layouts/layouts.controller.js
FN:5,(anonymous_1)
FN:7,(anonymous_2)
FN:8,(anonymous_3)
FN:9,LayoutsController
FN:14,(anonymous_5)
FN:17,(anonymous_6)
FN:22,(anonymous_7)
FNF:7
FNH:3
FNDA:1,(anonymous_1)
FNDA:1,(anonymous_2)
FNDA:1,(anonymous_3)
FNDA:0,LayoutsController
FNDA:0,(anonymous_5)
FNDA:0,(anonymous_6)
FNDA:0,(anonymous_7)
DA:4,1
DA:5,1
DA:6,1
DA:7,1
DA:8,1
DA:9,1
DA:10,0
DA:11,0
DA:12,0
DA:13,0
DA:15,0
DA:18,0
DA:19,0
DA:24,0
DA:25,0
DA:28,0
DA:29,0
DA:30,0
DA:34,1
DA:35,1
DA:37,1
LF:21
LH:9
BRDA:18,1,0,0
BRDA:18,1,1,0
BRDA:24,2,0,0
BRDA:24,2,1,0
BRDA:38,3,0,1
BRDA:38,3,1,0
BRDA:39,4,0,1
BRDA:39,4,1,0
BRF:8
BRH:2
end_of_record
TN:
SF:/home/pancho111203/Studies/EclipseSource/JsonFormsEditor/test/ts/components/layouts/layouts.service.js
FN:2,(anonymous_1)
FN:4,(anonymous_2)
FN:6,(anonymous_3)
FN:7,LayoutsService
FN:12,(anonymous_5)
FN:16,(anonymous_6)
FN:18,(anonymous_7)
FN:19,(anonymous_8)
FN:25,(anonymous_9)
FN:28,(anonymous_10)
FN:29,(anonymous_11)
FN:31,(anonymous_12)
FN:32,(anonymous_13)
FN:37,(anonymous_14)
FNF:14
FNH:14
FNDA:1,(anonymous_1)
FNDA:1,(anonymous_2)
FNDA:1,(anonymous_3)
FNDA:5,LayoutsService
FNDA:1,(anonymous_5)
FNDA:3,(anonymous_6)
FNDA:2,(anonymous_7)
FNDA:8,(anonymous_8)
FNDA:8,(anonymous_9)
FNDA:3,(anonymous_10)
FNDA:3,(anonymous_11)
FNDA:15,(anonymous_12)
FNDA:18,(anonymous_13)
FNDA:45,(anonymous_14)
DA:1,1
DA:2,1
DA:3,1
DA:4,1
DA:5,1
DA:6,1
DA:7,1
DA:8,5
DA:9,5
DA:10,5
DA:11,5
DA:12,5
DA:13,1
DA:16,1
DA:17,3
DA:18,3
DA:19,2
DA:20,8
DA:23,3
DA:25,1
DA:26,8
DA:27,8
DA:28,8
DA:29,3
DA:30,3
DA:31,3
DA:32,15
DA:34,18
DA:35,3
DA:37,15
DA:38,45
DA:40,15
DA:41,15
DA:42,15
DA:45,3
DA:48,8
DA:50,1
DA:51,1
DA:53,1
DA:54,1
LF:40
LH:40
BRDA:34,1,0,3
BRDA:34,1,1,15
BRDA:55,2,0,1
BRDA:55,2,1,0
BRDA:56,3,0,1
BRDA:56,3,1,0
BRF:6
BRH:4
end_of_record
TN:
SF:/home/pancho111203/Studies/EclipseSource/JsonFormsEditor/test/ts/components/preview/preview.controller.js
FN:2,(anonymous_1)
FN:4,(anonymous_2)
FN:5,(anonymous_3)
FN:6,PreviewController
FN:11,(anonymous_5)
FN:25,(anonymous_6)
FNF:6
FNH:3
FNDA:1,(anonymous_1)
FNDA:1,(anonymous_2)
FNDA:1,(anonymous_3)
FNDA:0,PreviewController
FNDA:0,(anonymous_5)
FNDA:0,(anonymous_6)
DA:1,1
DA:2,1
DA:3,1
DA:4,1
DA:5,1
DA:6,1
DA:7,0
DA:8,0
DA:9,0
DA:11,1
DA:12,0
DA:13,0
DA:14,0
DA:16,0
DA:17,0
DA:18,0
DA:20,0
DA:21,0
DA:23,0
DA:25,1
DA:26,0
DA:28,1
DA:29,1
DA:31,1
LF:24
LH:11
BRDA:13,1,0,0
BRDA:13,1,1,0
BRDA:17,2,0,0
BRDA:17,2,1,0
BRDA:20,3,0,0
BRDA:20,3,1,0
BRDA:32,4,0,1
BRDA:32,4,1,0
BRDA:33,5,0,1
BRDA:33,5,1,0
BRF:10
BRH:2
end_of_record
TN:
SF:/home/pancho111203/Studies/EclipseSource/JsonFormsEditor/test/ts/components/preview/preview.service.js
FN:2,(anonymous_1)
FN:4,(anonymous_2)
FN:5,(anonymous_3)
FN:6,PreviewService
FN:18,(anonymous_5)
FN:29,(anonymous_6)
FN:32,(anonymous_7)
FNF:7
FNH:3
FNDA:1,(anonymous_1)
FNDA:1,(anonymous_2)
FNDA:1,(anonymous_3)
FNDA:0,PreviewService
FNDA:0,(anonymous_5)
FNDA:0,(anonymous_6)
FNDA:0,(anonymous_7)
DA:1,1
DA:2,1
DA:3,1
DA:4,1
DA:5,1
DA:6,1
DA:7,0
DA:8,0
DA:9,0
DA:10,0
DA:11,0
DA:12,0
DA:13,0
DA:15,0
DA:16,0
DA:18,1
DA:19,0
DA:20,0
DA:22,0
DA:23,0
DA:25,0
DA:26,0
DA:29,1
DA:30,0
DA:31,0
DA:32,0
DA:33,0
DA:35,0
DA:37,1
DA:38,1
DA:40,1
DA:41,1
LF:32
LH:12
BRDA:12,1,0,0
BRDA:12,1,1,0
BRDA:19,2,0,0
BRDA:19,2,1,0
BRDA:22,3,0,0
BRDA:22,3,1,0
BRDA:25,4,0,0
BRDA:25,4,1,0
BRDA:42,5,0,1
BRDA:42,5,1,0
BRDA:43,6,0,1
BRDA:43,6,1,0
BRF:12
BRH:2
end_of_record
TN:
SF:/home/pancho111203/Studies/EclipseSource/JsonFormsEditor/test/ts/components/toolbox/toolbox.controller.js
FN:2,(anonymous_1)
FN:4,(anonymous_2)
FN:7,(anonymous_3)
FN:8,ToolboxController
FN:15,(anonymous_5)
FN:18,(anonymous_6)
FN:22,(anonymous_7)
FN:27,(anonymous_8)
FN:50,(anonymous_9)
FN:62,(anonymous_10)
FN:70,(anonymous_11)
FN:73,(anonymous_12)
FN:78,(anonymous_13)
FN:81,(anonymous_14)
FN:88,(anonymous_15)
FNF:15
FNH:5
FNDA:1,(anonymous_1)
FNDA:1,(anonymous_2)
FNDA:1,(anonymous_3)
FNDA:1,ToolboxController
FNDA:0,(anonymous_5)
FNDA:0,(anonymous_6)
FNDA:0,(anonymous_7)
FNDA:0,(anonymous_8)
FNDA:0,(anonymous_9)
FNDA:0,(anonymous_10)
FNDA:0,(anonymous_11)
FNDA:0,(anonymous_12)
FNDA:0,(anonymous_13)
FNDA:0,(anonymous_14)
FNDA:1,(anonymous_15)
DA:1,1
DA:2,1
DA:3,1
DA:4,1
DA:5,1
DA:6,1
DA:7,1
DA:8,1
DA:9,1
DA:10,1
DA:11,1
DA:12,1
DA:13,1
DA:14,1
DA:16,0
DA:19,0
DA:20,0
DA:23,0
DA:24,0
DA:29,0
DA:30,0
DA:32,0
DA:33,0
DA:34,0
DA:37,0
DA:38,0
DA:39,0
DA:40,0
DA:41,0
DA:50,1
DA:51,0
DA:52,0
DA:54,0
DA:55,0
DA:57,0
DA:62,1
DA:63,0
DA:64,0
DA:65,0
DA:68,0
DA:70,1
DA:71,0
DA:73,1
DA:74,0
DA:75,0
DA:78,1
DA:79,0
DA:81,1
DA:82,0
DA:88,1
DA:89,1
DA:90,1
DA:91,0
DA:95,1
DA:96,1
DA:98,1
LF:56
LH:26
BRDA:23,1,0,0
BRDA:23,1,1,0
BRDA:29,2,0,0
BRDA:29,2,1,0
BRDA:33,3,0,0
BRDA:33,3,1,0
BRDA:51,4,0,0
BRDA:51,4,1,0
BRDA:54,5,0,0
BRDA:54,5,1,0
BRDA:63,6,0,0
BRDA:63,6,1,0
BRDA:64,7,0,0
BRDA:64,7,1,0
BRDA:74,8,0,0
BRDA:74,8,1,0
BRDA:89,9,0,1
BRDA:89,9,1,0
BRDA:90,10,0,0
BRDA:90,10,1,1
BRDA:99,11,0,1
BRDA:99,11,1,0
BRDA:100,12,0,1
BRDA:100,12,1,0
BRF:24
BRH:4
end_of_record
TN:
SF:/home/pancho111203/Studies/EclipseSource/JsonFormsEditor/test/ts/components/toolbox/toolbox.service.js
FN:5,(anonymous_1)
FN:7,(anonymous_2)
FN:10,(anonymous_3)
FN:11,ToolboxService
FN:25,(anonymous_5)
FN:35,(anonymous_6)
FN:45,(anonymous_7)
FN:55,(anonymous_8)
FN:65,(anonymous_9)
FN:75,(anonymous_10)
FN:91,(anonymous_11)
FN:107,(anonymous_12)
FN:115,(anonymous_13)
FN:126,(anonymous_14)
FN:130,(anonymous_15)
FN:144,(anonymous_16)
FN:151,(anonymous_17)
FN:154,(anonymous_18)
FN:155,(anonymous_19)
FN:159,(anonymous_20)
FN:163,(anonymous_21)
FN:166,(anonymous_22)
FNF:22
FNH:15
FNDA:1,(anonymous_1)
FNDA:1,(anonymous_2)
FNDA:1,(anonymous_3)
FNDA:5,ToolboxService
FNDA:2,(anonymous_5)
FNDA:2,(anonymous_6)
FNDA:1,(anonymous_7)
FNDA:1,(anonymous_8)
FNDA:3,(anonymous_9)
FNDA:0,(anonymous_10)
FNDA:4,(anonymous_11)
FNDA:4,(anonymous_12)
FNDA:0,(anonymous_13)
FNDA:0,(anonymous_14)
FNDA:0,(anonymous_15)
FNDA:3,(anonymous_16)
FNDA:5,(anonymous_17)
FNDA:4,(anonymous_18)
FNDA:4,(anonymous_19)
FNDA:0,(anonymous_20)
FNDA:0,(anonymous_21)
FNDA:0,(anonymous_22)
DA:4,1
DA:5,1
DA:6,1
DA:7,1
DA:8,1
DA:9,1
DA:10,1
DA:11,1
DA:12,5
DA:13,5
DA:14,5
DA:15,5
DA:16,5
DA:17,5
DA:25,1
DA:26,2
DA:27,2
DA:28,2
DA:29,2
DA:32,0
DA:35,1
DA:36,2
DA:37,2
DA:38,2
DA:41,0
DA:43,2
DA:45,1
DA:46,1
DA:48,1
DA:49,1
DA:52,0
DA:55,1
DA:56,1
DA:57,1
DA:65,1
DA:66,3
DA:67,3
DA:68,3
DA:69,1
DA:72,2
DA:75,1
DA:76,0
DA:77,0
DA:78,0
DA:80,0
DA:81,0
DA:83,0
DA:84,0
DA:85,0
DA:88,0
DA:91,1
DA:92,4
DA:93,4
DA:94,1
DA:96,1
DA:97,1
DA:100,4
DA:101,4
DA:104,0
DA:107,1
DA:108,4
DA:109,2
DA:112,2
DA:115,1
DA:116,0
DA:117,0
DA:119,0
DA:126,1
DA:127,0
DA:128,0
DA:130,0
DA:131,0
DA:136,0
DA:138,0
DA:144,1
DA:145,3
DA:146,3
DA:151,1
DA:152,5
DA:154,1
DA:155,4
DA:156,4
DA:159,1
DA:160,0
DA:161,0
DA:163,1
DA:165,0
DA:166,0
DA:167,0
DA:169,0
DA:171,1
DA:172,1
DA:174,1
DA:175,1
LF:94
LH:66
BRDA:26,1,0,2
BRDA:26,1,1,0
BRDA:37,2,0,2
BRDA:37,2,1,0
BRDA:48,3,0,1
BRDA:48,3,1,0
BRDA:68,4,0,1
BRDA:68,4,1,2
BRDA:68,5,0,3
BRDA:68,5,1,1
BRDA:77,6,0,0
BRDA:77,6,1,0
BRDA:83,7,0,0
BRDA:83,7,1,0
BRDA:93,8,0,1
BRDA:93,8,1,3
BRDA:100,9,0,4
BRDA:100,9,1,0
BRDA:108,10,0,2
BRDA:108,10,1,2
BRDA:116,11,0,0
BRDA:116,11,1,0
BRDA:116,12,0,0
BRDA:116,12,1,0
BRDA:128,13,0,0
BRDA:128,13,1,0
BRDA:176,14,0,1
BRDA:176,14,1,0
BRDA:177,15,0,1
BRDA:177,15,1,0
BRF:30
BRH:14
end_of_record
TN:
SF:/home/pancho111203/Studies/EclipseSource/JsonFormsEditor/test/ts/components/toolbox/toolbox.spec.js
FN:6,(anonymous_1)
FN:13,(anonymous_2)
FN:16,(anonymous_3)
FN:19,(anonymous_4)
FN:23,(anonymous_5)
FN:30,(anonymous_6)
FN:43,(anonymous_7)
FNF:7
FNH:7
FNDA:1,(anonymous_1)
FNDA:4,(anonymous_2)
FNDA:4,(anonymous_3)
FNDA:1,(anonymous_4)
FNDA:1,(anonymous_5)
FNDA:1,(anonymous_6)
FNDA:1,(anonymous_7)
DA:3,1
DA:4,1
DA:5,1
DA:6,1
DA:7,1
DA:8,1
DA:9,1
DA:10,1
DA:11,1
DA:12,1
DA:13,1
DA:14,4
DA:16,1
DA:17,4
DA:19,1
DA:20,1
DA:21,1
DA:23,1
DA:24,1
DA:25,1
DA:26,1
DA:27,1
DA:28,1
DA:30,1
DA:31,1
DA:32,1
DA:38,1
DA:39,1
DA:40,1
DA:41,1
DA:43,1
DA:44,1
DA:45,1
DA:57,1
DA:58,1
DA:59,1
DA:60,1
DA:61,1
DA:62,1
LF:39
LH:39
BRF:0
BRH:0
end_of_record
TN:
SF:/home/pancho111203/Studies/EclipseSource/JsonFormsEditor/test/ts/components/toolbox/toolboxBottom.controller.js
FN:5,(anonymous_1)
FN:7,(anonymous_2)
FN:8,(anonymous_3)
FN:9,ToolboxBottomController
FN:25,(anonymous_5)
FN:35,(anonymous_6)
FN:38,(anonymous_7)
FN:46,(anonymous_8)
FN:54,(anonymous_9)
FNF:9
FNH:3
FNDA:1,(anonymous_1)
FNDA:1,(anonymous_2)
FNDA:1,(anonymous_3)
FNDA:0,ToolboxBottomController
FNDA:0,(anonymous_5)
FNDA:0,(anonymous_6)
FNDA:0,(anonymous_7)
FNDA:0,(anonymous_8)
FNDA:0,(anonymous_9)
DA:4,1
DA:5,1
DA:6,1
DA:7,1
DA:8,1
DA:9,1
DA:10,0
DA:11,0
DA:12,0
DA:13,0
DA:14,0
DA:15,0
DA:16,0
DA:17,0
DA:23,0
DA:25,1
DA:26,0
DA:27,0
DA:28,0
DA:29,0
DA:35,1
DA:36,0
DA:38,1
DA:39,0
DA:46,1
DA:47,0
DA:48,0
DA:50,0
DA:51,0
DA:52,0
DA:54,1
DA:55,0
DA:56,0
DA:57,0
DA:58,0
DA:60,0
DA:61,0
DA:63,1
DA:64,1
DA:66,1
LF:40
LH:14
BRDA:47,1,0,0
BRDA:47,1,1,0
BRDA:55,2,0,0
BRDA:55,2,1,0
BRDA:67,3,0,1
BRDA:67,3,1,0
BRDA:68,4,0,1
BRDA:68,4,1,0
BRF:8
BRH:2
end_of_record
TN:
SF:/home/pancho111203/Studies/EclipseSource/JsonFormsEditor/test/ts/components/tree/tree.controller.js
FN:2,(anonymous_1)
FN:4,(anonymous_2)
FN:6,(anonymous_3)
FN:7,MyTreeController
FN:16,(anonymous_5)
FN:27,(anonymous_6)
FN:33,(anonymous_7)
FN:37,(anonymous_8)
FN:41,(anonymous_9)
FN:53,(anonymous_10)
FN:61,(anonymous_11)
FN:68,(anonymous_12)
FN:71,(anonymous_13)
FNF:13
FNH:3
FNDA:1,(anonymous_1)
FNDA:1,(anonymous_2)
FNDA:1,(anonymous_3)
FNDA:0,MyTreeController
FNDA:0,(anonymous_5)
FNDA:0,(anonymous_6)
FNDA:0,(anonymous_7)
FNDA:0,(anonymous_8)
FNDA:0,(anonymous_9)
FNDA:0,(anonymous_10)
FNDA:0,(anonymous_11)
FNDA:0,(anonymous_12)
FNDA:0,(anonymous_13)
DA:1,1
DA:2,1
DA:3,1
DA:4,1
DA:5,1
DA:6,1
DA:7,1
DA:8,0
DA:9,0
DA:10,0
DA:11,0
DA:12,0
DA:13,0
DA:14,0
DA:17,0
DA:18,0
DA:19,0
DA:21,0
DA:23,0
DA:24,0
DA:25,0
DA:28,0
DA:29,0
DA:30,0
DA:34,0
DA:35,0
DA:38,0
DA:39,0
DA:42,0
DA:43,0
DA:44,0
DA:45,0
DA:53,1
DA:54,0
DA:55,0
DA:61,1
DA:62,0
DA:68,1
DA:69,0
DA:71,1
DA:72,0
DA:73,0
DA:75,0
DA:76,0
DA:79,1
DA:80,1
DA:82,1
LF:47
LH:14
BRDA:19,1,0,0
BRDA:19,1,1,0
BRDA:28,2,0,0
BRDA:28,2,1,0
BRDA:75,3,0,0
BRDA:75,3,1,0
BRDA:83,4,0,1
BRDA:83,4,1,0
BRDA:84,5,0,1
BRDA:84,5,1,0
BRF:10
BRH:2
end_of_record
TN:
SF:/home/pancho111203/Studies/EclipseSource/JsonFormsEditor/test/ts/components/tree/tree.service.js
FN:1,(anonymous_1)
FN:3,__
FN:7,(anonymous_3)
FN:9,(anonymous_4)
FN:11,(anonymous_5)
FN:13,TreeService
FN:21,(anonymous_7)
FN:28,(anonymous_8)
FN:34,(anonymous_9)
FN:37,(anonymous_10)
FN:46,(anonymous_11)
FN:56,(anonymous_12)
FN:65,(anonymous_13)
FN:68,(anonymous_14)
FN:70,(anonymous_15)
FN:75,(anonymous_16)
FN:78,(anonymous_17)
FN:93,(anonymous_18)
FN:98,(anonymous_19)
FN:99,(anonymous_20)
FN:103,(anonymous_21)
FN:111,(anonymous_22)
FN:121,(anonymous_23)
FN:136,(anonymous_24)
FNF:24
FNH:17
FNDA:0,(anonymous_1)
FNDA:0,__
FNDA:1,(anonymous_3)
FNDA:1,(anonymous_4)
FNDA:1,(anonymous_5)
FNDA:2,TreeService
FNDA:1,(anonymous_7)
FNDA:2,(anonymous_8)
FNDA:1,(anonymous_9)
FNDA:1,(anonymous_10)
FNDA:1,(anonymous_11)
FNDA:0,(anonymous_12)
FNDA:0,(anonymous_13)
FNDA:0,(anonymous_14)
FNDA:0,(anonymous_15)
FNDA:0,(anonymous_16)
FNDA:1,(anonymous_17)
FNDA:1,(anonymous_18)
FNDA:1,(anonymous_19)
FNDA:1,(anonymous_20)
FNDA:1,(anonymous_21)
FNDA:1,(anonymous_22)
FNDA:11,(anonymous_23)
FNDA:11,(anonymous_24)
DA:1,1
DA:2,0
DA:3,1
DA:4,0
DA:6,1
DA:7,1
DA:8,1
DA:9,1
DA:10,1
DA:11,1
DA:12,1
DA:13,1
DA:14,2
DA:15,2
DA:16,2
DA:17,2
DA:18,2
DA:19,2
DA:20,2
DA:21,2
DA:22,1
DA:23,1
DA:24,1
DA:25,1
DA:28,1
DA:29,2
DA:30,0
DA:32,2
DA:34,1
DA:35,1
DA:36,1
DA:37,1
DA:38,1
DA:39,1
DA:40,1
DA:41,1
DA:43,1
DA:46,1
DA:47,1
DA:48,1
DA:49,1
DA:50,1
DA:51,1
DA:52,1
DA:53,1
DA:56,0
DA:57,0
DA:58,0
DA:59,0
DA:61,0
DA:65,1
DA:66,0
DA:68,1
DA:69,0
DA:70,0
DA:71,0
DA:73,0
DA:75,1
DA:76,0
DA:78,1
DA:79,1
DA:80,1
DA:81,1
DA:84,0
DA:85,0
DA:87,1
DA:88,0
DA:89,0
DA:91,1
DA:92,1
DA:93,1
DA:94,1
DA:98,1
DA:99,1
DA:100,1
DA:103,1
DA:104,1
DA:105,1
DA:106,1
DA:107,1
DA:109,1
DA:111,1
DA:112,1
DA:113,1
DA:114,0
DA:116,1
DA:117,0
DA:118,0
DA:121,1
DA:122,11
DA:123,0
DA:125,11
DA:126,11
DA:127,11
DA:128,11
DA:129,0
DA:131,11
DA:132,11
DA:133,10
DA:136,1
DA:137,11
DA:138,11
DA:139,11
DA:140,0
DA:141,11
DA:142,14
DA:143,11
DA:146,3
DA:147,3
DA:149,0
DA:151,11
DA:153,1
DA:154,1
DA:156,1
DA:157,1
LF:115
LH:90
BRDA:1,1,0,1
BRDA:1,1,1,1
BRDA:1,1,2,0
BRDA:2,2,0,0
BRDA:2,2,1,0
BRDA:4,3,0,0
BRDA:4,3,1,0
BRDA:29,4,0,0
BRDA:29,4,1,2
BRDA:29,5,0,2
BRDA:29,5,1,2
BRDA:49,6,0,1
BRDA:49,6,1,0
BRDA:87,7,0,0
BRDA:87,7,1,1
BRDA:87,8,0,1
BRDA:87,8,1,1
BRDA:87,8,2,1
BRDA:92,9,0,1
BRDA:92,9,1,0
BRDA:113,10,0,0
BRDA:113,10,1,1
BRDA:122,11,0,0
BRDA:122,11,1,11
BRDA:127,12,0,11
BRDA:127,12,1,10
BRDA:128,13,0,0
BRDA:128,13,1,11
BRDA:128,14,0,11
BRDA:128,14,1,11
BRDA:139,15,0,0
BRDA:139,15,1,11
BRDA:142,16,0,11
BRDA:142,16,1,3
BRDA:146,17,0,3
BRDA:146,17,1,0
BRDA:146,18,0,3
BRDA:146,18,1,3
BRDA:158,19,0,1
BRDA:158,19,1,0
BRDA:159,20,0,1
BRDA:159,20,1,0
BRF:42
BRH:26
end_of_record
TN:
SF:/home/pancho111203/Studies/EclipseSource/JsonFormsEditor/test/ts/components/tree/tree.spec.js
FN:7,(anonymous_1)
FN:30,(anonymous_2)
FN:39,(anonymous_3)
FNF:3
FNH:3
FNDA:1,(anonymous_1)
FNDA:1,(anonymous_2)
FNDA:1,(anonymous_3)
DA:3,1
DA:4,1
DA:5,1
DA:6,1
DA:7,1
DA:8,1
DA:9,1
DA:17,1
DA:28,1
DA:29,1
DA:30,1
DA:31,1
DA:32,1
DA:33,1
DA:34,1
DA:35,1
DA:36,1
DA:37,1
DA:39,1
DA:40,1
DA:41,1
DA:42,1
DA:43,1
DA:45,1
DA:216,1
LF:25
LH:25
BRF:0
BRH:0
end_of_record
TN:
SF:/home/pancho111203/Studies/EclipseSource/JsonFormsEditor/test/ts/app.config.js
FN:5,(anonymous_1)
FN:6,(anonymous_2)
FN:7,AppConfig
FNF:3
FNH:3
FNDA:1,(anonymous_1)
FNDA:1,(anonymous_2)
FNDA:5,AppConfig
DA:4,1
DA:5,1
DA:6,1
DA:7,1
DA:8,5
DA:54,5
DA:55,5
DA:59,5
DA:60,5
DA:62,1
DA:63,1
DA:65,1
LF:12
LH:12
BRDA:66,1,0,1
BRDA:66,1,1,0
BRF:2
BRH:1
end_of_record
TN:
SF:/home/pancho111203/Studies/EclipseSource/JsonFormsEditor/test/ts/app.run.js
FN:2,(anonymous_1)
FN:4,(anonymous_2)
FN:5,Runner
FN:15,(anonymous_4)
FNF:4
FNH:3
FNDA:1,(anonymous_1)
FNDA:1,(anonymous_2)
FNDA:5,Runner
FNDA:0,(anonymous_4)
DA:1,1
DA:2,1
DA:3,1
DA:4,1
DA:5,1
DA:6,5
DA:7,5
DA:13,5
DA:15,5
DA:16,0
DA:19,1
DA:20,1
DA:22,1
LF:13
LH:12
BRDA:6,1,0,5
BRDA:6,1,1,0
BRDA:23,2,0,1
BRDA:23,2,1,0
BRF:4
BRH:2
end_of_record
TN:
SF:/home/pancho111203/Studies/EclipseSource/JsonFormsEditor/test/ts/templates.js
FN:1,(anonymous_1)
FNF:1
FNH:1
FNDA:5,(anonymous_1)
DA:1,1
DA:4,5
DA:9,5
DA:14,5
DA:19,5
DA:24,5
DA:29,5
DA:34,5
DA:39,5
DA:44,5
DA:49,5
DA:54,5
DA:59,5
DA:64,5
DA:69,5
DA:74,5
DA:80,5
DA:85,5
DA:107,5
DA:127,5
LF:20
LH:20
BRF:0
BRH:0
end_of_record
